  [1m[36m (9.1ms)[0m  [1mCREATE TABLE "schema_migrations" ("version" character varying(255) NOT NULL) [0m
  [1m[35m (17.3ms)[0m  CREATE UNIQUE INDEX  "unique_schema_migrations" ON "schema_migrations"  ("version")
  [1m[36mActiveRecord::SchemaMigration Load (0.3ms)[0m  [1mSELECT "schema_migrations".* FROM "schema_migrations"[0m
Migrating to CreateDevices (20140814221351)
  [1m[35m (0.1ms)[0m  BEGIN
  [1m[36m (18.8ms)[0m  [1mCREATE TABLE "devices" ("id" serial primary key, "description" character varying(255), "gcm_registration_id" text, "last_activity" timestamp, "created_at" timestamp, "updated_at" timestamp) [0m
  [1m[35mSQL (0.4ms)[0m  INSERT INTO "schema_migrations" ("version") VALUES ($1)  [["version", "20140814221351"]]
  [1m[36m (3.9ms)[0m  [1mCOMMIT[0m
Migrating to CreateMessages (20140815021756)
  [1m[35m (0.2ms)[0m  BEGIN
  [1m[36m (14.3ms)[0m  [1mCREATE TABLE "messages" ("id" serial primary key, "message" character varying(255), "to" character varying(255), "from" character varying(255), "status" integer, "schedule" timestamp, "device_id" integer, "created_at" timestamp, "updated_at" timestamp) [0m
  [1m[35m (5.3ms)[0m  CREATE  INDEX  "index_messages_on_device_id" ON "messages"  ("device_id")
  [1m[36m (1.6ms)[0m  [1mALTER TABLE "messages" ADD CONSTRAINT "messages_device_id_fk" FOREIGN KEY ("device_id") REFERENCES "devices"(id)[0m
  [1m[35mSQL (0.2ms)[0m  INSERT INTO "schema_migrations" ("version") VALUES ($1)  [["version", "20140815021756"]]
  [1m[36m (5.3ms)[0m  [1mCOMMIT[0m
Migrating to AddActiveToDevices (20140818145415)
  [1m[35m (0.4ms)[0m  BEGIN
  [1m[36m (18.4ms)[0m  [1mALTER TABLE "devices" ADD COLUMN "active" boolean DEFAULT 'f'[0m
  [1m[35mSQL (0.2ms)[0m  INSERT INTO "schema_migrations" ("version") VALUES ($1)  [["version", "20140818145415"]]
  [1m[36m (1.6ms)[0m  [1mCOMMIT[0m
Migrating to AddAttempsToMessages (20140823143539)
  [1m[35m (0.1ms)[0m  BEGIN
  [1m[36m (0.3ms)[0m  [1mALTER TABLE "messages" ADD COLUMN "attemps" integer[0m
  [1m[35mSQL (0.2ms)[0m  INSERT INTO "schema_migrations" ("version") VALUES ($1)  [["version", "20140823143539"]]
  [1m[36m (0.9ms)[0m  [1mCOMMIT[0m
Migrating to AddUuidAndPhoneNumberToDevices (20140825180457)
  [1m[35m (0.1ms)[0m  BEGIN
  [1m[36m (0.3ms)[0m  [1mALTER TABLE "devices" ADD COLUMN "uuid" character varying(255)[0m
  [1m[35m (0.2ms)[0m  ALTER TABLE "devices" ADD COLUMN "telephone_numer" character varying(255)
  [1m[36m (6.4ms)[0m  [1mCREATE UNIQUE INDEX  "index_devices_on_uuid" ON "devices"  ("uuid")[0m
  [1m[35mSQL (0.2ms)[0m  INSERT INTO "schema_migrations" ("version") VALUES ($1)  [["version", "20140825180457"]]
  [1m[36m (1.3ms)[0m  [1mCOMMIT[0m
Migrating to AddTypeToMessages (20140825203142)
  [1m[35m (0.1ms)[0m  BEGIN
  [1m[36m (0.3ms)[0m  [1mALTER TABLE "messages" ADD COLUMN "message_type" integer[0m
  [1m[35m (5.1ms)[0m  CREATE  INDEX  "index_messages_on_message_type" ON "messages"  ("message_type")
  [1m[36mSQL (0.2ms)[0m  [1mINSERT INTO "schema_migrations" ("version") VALUES ($1)[0m  [["version", "20140825203142"]]
  [1m[35m (1.4ms)[0m  COMMIT
Migrating to CreateUsers (20140917183533)
  [1m[36m (0.1ms)[0m  [1mBEGIN[0m
  [1m[35m (4.3ms)[0m  CREATE TABLE "users" ("id" serial primary key, "name" character varying(255), "created_at" timestamp, "updated_at" timestamp) 
  [1m[36mSQL (0.2ms)[0m  [1mINSERT INTO "schema_migrations" ("version") VALUES ($1)[0m  [["version", "20140917183533"]]
  [1m[35m (1.2ms)[0m  COMMIT
Migrating to AddUserToMessages (20140917183654)
  [1m[36m (0.2ms)[0m  [1mBEGIN[0m
  [1m[35m (0.4ms)[0m  ALTER TABLE "messages" ADD COLUMN "user_id" integer
  [1m[36m (4.3ms)[0m  [1mCREATE  INDEX  "index_messages_on_user_id" ON "messages"  ("user_id")[0m
  [1m[35m (1.0ms)[0m  ALTER TABLE "messages" ADD CONSTRAINT "messages_user_id_fk" FOREIGN KEY ("user_id") REFERENCES "users"(id)
  [1m[36mSQL (0.2ms)[0m  [1mINSERT INTO "schema_migrations" ("version") VALUES ($1)[0m  [["version", "20140917183654"]]
  [1m[35m (1.1ms)[0m  COMMIT
Migrating to AddDeviseToUsers (20140917183951)
  [1m[36m (0.1ms)[0m  [1mBEGIN[0m
  [1m[35m (13.3ms)[0m  ALTER TABLE "users" ADD COLUMN "email" character varying(255) DEFAULT '' NOT NULL
  [1m[36m (16.0ms)[0m  [1mALTER TABLE "users" ADD COLUMN "encrypted_password" character varying(255) DEFAULT '' NOT NULL[0m
  [1m[35m (0.3ms)[0m  ALTER TABLE "users" ADD COLUMN "reset_password_token" character varying(255)
  [1m[36m (0.2ms)[0m  [1mALTER TABLE "users" ADD COLUMN "reset_password_sent_at" timestamp[0m
  [1m[35m (0.2ms)[0m  ALTER TABLE "users" ADD COLUMN "remember_created_at" timestamp
  [1m[36m (11.6ms)[0m  [1mALTER TABLE "users" ADD COLUMN "sign_in_count" integer DEFAULT 0 NOT NULL[0m
  [1m[35m (0.3ms)[0m  ALTER TABLE "users" ADD COLUMN "current_sign_in_at" timestamp
  [1m[36m (0.2ms)[0m  [1mALTER TABLE "users" ADD COLUMN "last_sign_in_at" timestamp[0m
  [1m[35m (0.2ms)[0m  ALTER TABLE "users" ADD COLUMN "current_sign_in_ip" inet
  [1m[36m (0.2ms)[0m  [1mALTER TABLE "users" ADD COLUMN "last_sign_in_ip" inet[0m
  [1m[35m (11.8ms)[0m  CREATE UNIQUE INDEX  "index_users_on_email" ON "users"  ("email")
  [1m[36m (8.7ms)[0m  [1mCREATE UNIQUE INDEX  "index_users_on_reset_password_token" ON "users"  ("reset_password_token")[0m
  [1m[35mSQL (0.2ms)[0m  INSERT INTO "schema_migrations" ("version") VALUES ($1)  [["version", "20140917183951"]]
  [1m[36m (5.1ms)[0m  [1mCOMMIT[0m
Migrating to AddPhoneNumberToDevices (20141004133245)
  [1m[35m (0.2ms)[0m  BEGIN
  [1m[36m (0.3ms)[0m  [1mALTER TABLE "devices" ADD COLUMN "phone_number" character varying(255)[0m
  [1m[35mSQL (0.2ms)[0m  INSERT INTO "schema_migrations" ("version") VALUES ($1)  [["version", "20141004133245"]]
  [1m[36m (1.4ms)[0m  [1mCOMMIT[0m
Migrating to RemoveTelephoneNumerFromDevices (20141004134352)
  [1m[35m (0.2ms)[0m  BEGIN
  [1m[36m (0.4ms)[0m  [1mALTER TABLE "devices" DROP "telephone_numer"[0m
  [1m[35mSQL (0.2ms)[0m  INSERT INTO "schema_migrations" ("version") VALUES ($1)  [["version", "20141004134352"]]
  [1m[36m (1.1ms)[0m  [1mCOMMIT[0m
Migrating to CreateAdministrators (20150223120917)
  [1m[35m (0.2ms)[0m  BEGIN
  [1m[36m (6.0ms)[0m  [1mCREATE TABLE "administrators" ("id" serial primary key, "name" character varying(255), "created_at" timestamp, "updated_at" timestamp) [0m
  [1m[35mSQL (0.2ms)[0m  INSERT INTO "schema_migrations" ("version") VALUES ($1)  [["version", "20150223120917"]]
  [1m[36m (1.3ms)[0m  [1mCOMMIT[0m
Migrating to AddDeviseToAdministrators (20150223120932)
  [1m[35m (0.2ms)[0m  BEGIN
  [1m[36m (11.7ms)[0m  [1mALTER TABLE "administrators" ADD COLUMN "email" character varying(255) DEFAULT '' NOT NULL[0m
  [1m[35m (8.0ms)[0m  ALTER TABLE "administrators" ADD COLUMN "encrypted_password" character varying(255) DEFAULT '' NOT NULL
  [1m[36m (0.3ms)[0m  [1mALTER TABLE "administrators" ADD COLUMN "reset_password_token" character varying(255)[0m
  [1m[35m (0.3ms)[0m  ALTER TABLE "administrators" ADD COLUMN "reset_password_sent_at" timestamp
  [1m[36m (0.2ms)[0m  [1mALTER TABLE "administrators" ADD COLUMN "remember_created_at" timestamp[0m
  [1m[35m (6.7ms)[0m  ALTER TABLE "administrators" ADD COLUMN "sign_in_count" integer DEFAULT 0 NOT NULL
  [1m[36m (0.2ms)[0m  [1mALTER TABLE "administrators" ADD COLUMN "current_sign_in_at" timestamp[0m
  [1m[35m (0.2ms)[0m  ALTER TABLE "administrators" ADD COLUMN "last_sign_in_at" timestamp
  [1m[36m (0.3ms)[0m  [1mALTER TABLE "administrators" ADD COLUMN "current_sign_in_ip" inet[0m
  [1m[35m (0.2ms)[0m  ALTER TABLE "administrators" ADD COLUMN "last_sign_in_ip" inet
  [1m[36m (3.4ms)[0m  [1mCREATE UNIQUE INDEX  "index_administrators_on_email" ON "administrators"  ("email")[0m
  [1m[35m (2.8ms)[0m  CREATE UNIQUE INDEX  "index_administrators_on_reset_password_token" ON "administrators"  ("reset_password_token")
  [1m[36mSQL (0.2ms)[0m  [1mINSERT INTO "schema_migrations" ("version") VALUES ($1)[0m  [["version", "20150223120932"]]
  [1m[35m (4.7ms)[0m  COMMIT
Migrating to CreateRoles (20150224183059)
  [1m[36m (0.2ms)[0m  [1mBEGIN[0m
  [1m[35m (3.9ms)[0m  CREATE TABLE "roles" ("id" serial primary key, "description" character varying(255), "created_at" timestamp, "updated_at" timestamp) 
  [1m[36mSQL (0.2ms)[0m  [1mINSERT INTO "schema_migrations" ("version") VALUES ($1)[0m  [["version", "20150224183059"]]
  [1m[35m (1.0ms)[0m  COMMIT
Migrating to CreatePermissions (20150224184324)
  [1m[36m (0.1ms)[0m  [1mBEGIN[0m
  [1m[35m (7.0ms)[0m  CREATE TABLE "permissions" ("id" serial primary key, "subject" character varying(255), "actions" character varying(255), "role_id" integer, "created_at" timestamp, "updated_at" timestamp) 
  [1m[36m (3.1ms)[0m  [1mCREATE  INDEX  "index_permissions_on_role_id" ON "permissions"  ("role_id")[0m
  [1m[35mSQL (0.2ms)[0m  INSERT INTO "schema_migrations" ("version") VALUES ($1)  [["version", "20150224184324"]]
  [1m[36m (1.3ms)[0m  [1mCOMMIT[0m
Migrating to CreateJoinTableAdministratorRole (20150224185139)
  [1m[35m (0.1ms)[0m  BEGIN
  [1m[36m (0.8ms)[0m  [1mCREATE TABLE "administrators_roles" ("administrator_id" integer NOT NULL, "role_id" integer NOT NULL) [0m
  [1m[35mSQL (0.2ms)[0m  INSERT INTO "schema_migrations" ("version") VALUES ($1)  [["version", "20150224185139"]]
  [1m[36m (1.0ms)[0m  [1mCOMMIT[0m
Migrating to AddFullControlToRoles (20150226131027)
  [1m[35m (0.1ms)[0m  BEGIN
  [1m[36m (5.8ms)[0m  [1mALTER TABLE "roles" ADD COLUMN "full_control" boolean DEFAULT 'f' NOT NULL[0m
  [1m[35mSQL (0.2ms)[0m  INSERT INTO "schema_migrations" ("version") VALUES ($1)  [["version", "20150226131027"]]
  [1m[36m (1.6ms)[0m  [1mCOMMIT[0m
Migrating to AddMainAdministratorToAdministrators (20150226134128)
  [1m[35m (0.2ms)[0m  BEGIN
  [1m[36m (14.1ms)[0m  [1mALTER TABLE "administrators" ADD COLUMN "main_administrator" boolean DEFAULT 'f' NOT NULL[0m
  [1m[35mSQL (0.2ms)[0m  INSERT INTO "schema_migrations" ("version") VALUES ($1)  [["version", "20150226134128"]]
  [1m[36m (2.1ms)[0m  [1mCOMMIT[0m
Migrating to CreateEnderecos (20150226193227)
  [1m[35m (0.3ms)[0m  BEGIN
  [1m[36m (8.0ms)[0m  [1mCREATE TABLE "enderecos" ("id" serial primary key, "logradouro" character varying(255), "bairro" character varying(255), "cidade" character varying(255), "uf" character varying(255), "cep" character varying(255), "complemento" character varying(255) DEFAULT '', "created_at" timestamp, "updated_at" timestamp) [0m
  [1m[35mSQL (0.2ms)[0m  INSERT INTO "schema_migrations" ("version") VALUES ($1)  [["version", "20150226193227"]]
  [1m[36m (1.3ms)[0m  [1mCOMMIT[0m
Migrating to CreateRepresentatives (20150226193445)
  [1m[35m (0.1ms)[0m  BEGIN
  [1m[36m (7.9ms)[0m  [1mCREATE TABLE "representatives" ("id" serial primary key, "razao_social" character varying(255), "nome_fantasia" character varying(255), "cnpj" character varying(255), "inscricao_estadual" character varying(255), "responsavel" character varying(255), "telefone" character varying(255), "celular" character varying(255), "cadastro_aprovado" boolean DEFAULT 'f' NOT NULL, "endereco_id" integer, "created_at" timestamp, "updated_at" timestamp) [0m
  [1m[35m (3.3ms)[0m  CREATE  INDEX  "index_representatives_on_endereco_id" ON "representatives"  ("endereco_id")
  [1m[36mSQL (0.2ms)[0m  [1mINSERT INTO "schema_migrations" ("version") VALUES ($1)[0m  [["version", "20150226193445"]]
  [1m[35m (1.2ms)[0m  COMMIT
Migrating to AddDeviseToRepresentatives (20150227122010)
  [1m[36m (0.2ms)[0m  [1mBEGIN[0m
  [1m[35m (11.5ms)[0m  ALTER TABLE "representatives" ADD COLUMN "email" character varying(255) DEFAULT '' NOT NULL
  [1m[36m (13.0ms)[0m  [1mALTER TABLE "representatives" ADD COLUMN "encrypted_password" character varying(255) DEFAULT '' NOT NULL[0m
  [1m[35m (0.3ms)[0m  ALTER TABLE "representatives" ADD COLUMN "reset_password_token" character varying(255)
  [1m[36m (0.3ms)[0m  [1mALTER TABLE "representatives" ADD COLUMN "reset_password_sent_at" timestamp[0m
  [1m[35m (0.2ms)[0m  ALTER TABLE "representatives" ADD COLUMN "remember_created_at" timestamp
  [1m[36m (12.0ms)[0m  [1mALTER TABLE "representatives" ADD COLUMN "sign_in_count" integer DEFAULT 0 NOT NULL[0m
  [1m[35m (0.4ms)[0m  ALTER TABLE "representatives" ADD COLUMN "current_sign_in_at" timestamp
  [1m[36m (0.3ms)[0m  [1mALTER TABLE "representatives" ADD COLUMN "last_sign_in_at" timestamp[0m
  [1m[35m (0.3ms)[0m  ALTER TABLE "representatives" ADD COLUMN "current_sign_in_ip" inet
  [1m[36m (0.3ms)[0m  [1mALTER TABLE "representatives" ADD COLUMN "last_sign_in_ip" inet[0m
  [1m[35m (0.3ms)[0m  ALTER TABLE "representatives" ADD COLUMN "confirmation_token" character varying(255)
  [1m[36m (0.3ms)[0m  [1mALTER TABLE "representatives" ADD COLUMN "confirmed_at" timestamp[0m
  [1m[35m (0.4ms)[0m  ALTER TABLE "representatives" ADD COLUMN "confirmation_sent_at" timestamp
  [1m[36m (0.3ms)[0m  [1mALTER TABLE "representatives" ADD COLUMN "unconfirmed_email" character varying(255)[0m
  [1m[35m (3.1ms)[0m  CREATE UNIQUE INDEX  "index_representatives_on_email" ON "representatives"  ("email")
  [1m[36m (3.3ms)[0m  [1mCREATE UNIQUE INDEX  "index_representatives_on_reset_password_token" ON "representatives"  ("reset_password_token")[0m
  [1m[35mSQL (0.2ms)[0m  INSERT INTO "schema_migrations" ("version") VALUES ($1)  [["version", "20150227122010"]]
  [1m[36m (5.6ms)[0m  [1mCOMMIT[0m
Migrating to AddAvatarColumnsToUser (20150303201236)
  [1m[35m (0.2ms)[0m  BEGIN
  [1m[36m (0.5ms)[0m  [1mALTER TABLE "representatives" ADD COLUMN "logo_file_name" character varying(255)[0m
  [1m[35m (0.3ms)[0m  ALTER TABLE "representatives" ADD COLUMN "logo_content_type" character varying(255)
  [1m[36m (0.3ms)[0m  [1mALTER TABLE "representatives" ADD COLUMN "logo_file_size" integer[0m
  [1m[35m (0.4ms)[0m  ALTER TABLE "representatives" ADD COLUMN "logo_updated_at" timestamp
  [1m[36mSQL (0.2ms)[0m  [1mINSERT INTO "schema_migrations" ("version") VALUES ($1)[0m  [["version", "20150303201236"]]
  [1m[35m (1.7ms)[0m  COMMIT
Migrating to CreateCustomers (20150306113133)
  [1m[36m (0.2ms)[0m  [1mBEGIN[0m
  [1m[35m (16.5ms)[0m  CREATE TABLE "customers" ("id" serial primary key, "nome" character varying(255), "telefone" character varying(255), "celular" character varying(255), "tipo_pessoa" integer, "endereco_id" integer, "representative_id" integer, "cpf_cnpj" character varying(255), "razao_social" character varying(255), "status" integer DEFAULT 0, "created_at" timestamp, "updated_at" timestamp) 
  [1m[36m (2.9ms)[0m  [1mCREATE  INDEX  "index_customers_on_endereco_id" ON "customers"  ("endereco_id")[0m
  [1m[35m (4.3ms)[0m  CREATE  INDEX  "index_customers_on_representative_id" ON "customers"  ("representative_id")
  [1m[36mSQL (0.2ms)[0m  [1mINSERT INTO "schema_migrations" ("version") VALUES ($1)[0m  [["version", "20150306113133"]]
  [1m[35m (1.4ms)[0m  COMMIT
Migrating to AddDeviseToCustomers (20150306113734)
  [1m[36m (0.2ms)[0m  [1mBEGIN[0m
  [1m[35m (15.7ms)[0m  ALTER TABLE "customers" ADD COLUMN "email" character varying(255) DEFAULT '' NOT NULL
  [1m[36m (13.5ms)[0m  [1mALTER TABLE "customers" ADD COLUMN "encrypted_password" character varying(255) DEFAULT '' NOT NULL[0m
  [1m[35m (0.3ms)[0m  ALTER TABLE "customers" ADD COLUMN "reset_password_token" character varying(255)
  [1m[36m (0.3ms)[0m  [1mALTER TABLE "customers" ADD COLUMN "reset_password_sent_at" timestamp[0m
  [1m[35m (0.2ms)[0m  ALTER TABLE "customers" ADD COLUMN "remember_created_at" timestamp
  [1m[36m (15.3ms)[0m  [1mALTER TABLE "customers" ADD COLUMN "sign_in_count" integer DEFAULT 0 NOT NULL[0m
  [1m[35m (0.4ms)[0m  ALTER TABLE "customers" ADD COLUMN "current_sign_in_at" timestamp
  [1m[36m (0.3ms)[0m  [1mALTER TABLE "customers" ADD COLUMN "last_sign_in_at" timestamp[0m
  [1m[35m (0.3ms)[0m  ALTER TABLE "customers" ADD COLUMN "current_sign_in_ip" inet
  [1m[36m (0.3ms)[0m  [1mALTER TABLE "customers" ADD COLUMN "last_sign_in_ip" inet[0m
  [1m[35m (0.3ms)[0m  ALTER TABLE "customers" ADD COLUMN "confirmation_token" character varying(255)
  [1m[36m (0.3ms)[0m  [1mALTER TABLE "customers" ADD COLUMN "confirmed_at" timestamp[0m
  [1m[35m (0.3ms)[0m  ALTER TABLE "customers" ADD COLUMN "confirmation_sent_at" timestamp
  [1m[36m (0.5ms)[0m  [1mALTER TABLE "customers" ADD COLUMN "unconfirmed_email" character varying(255)[0m
  [1m[35m (3.7ms)[0m  CREATE UNIQUE INDEX  "index_customers_on_email" ON "customers"  ("email")
  [1m[36m (3.0ms)[0m  [1mCREATE UNIQUE INDEX  "index_customers_on_reset_password_token" ON "customers"  ("reset_password_token")[0m
  [1m[35mSQL (0.2ms)[0m  INSERT INTO "schema_migrations" ("version") VALUES ($1)  [["version", "20150306113734"]]
  [1m[36m (3.0ms)[0m  [1mCOMMIT[0m
Migrating to AddRepresentantePrincipalToRepresentatives (20150310113956)
  [1m[35m (0.2ms)[0m  BEGIN
  [1m[36m (17.0ms)[0m  [1mALTER TABLE "representatives" ADD COLUMN "representante_principal" boolean DEFAULT 'f' NOT NULL[0m
  [1m[35mSQL (0.2ms)[0m  INSERT INTO "schema_migrations" ("version") VALUES ($1)  [["version", "20150310113956"]]
  [1m[36m (1.8ms)[0m  [1mCOMMIT[0m
Migrating to CreatePlans (20150311191200)
  [1m[35m (0.1ms)[0m  BEGIN
  [1m[36m (5.7ms)[0m  [1mCREATE TABLE "plans" ("id" serial primary key, "tipo" integer, "quantidade_sms" integer DEFAULT 0 NOT NULL, "valor_total" decimal(12,2), "descricao" character varying(255), "created_at" timestamp, "updated_at" timestamp) [0m
  [1m[35mSQL (0.2ms)[0m  INSERT INTO "schema_migrations" ("version") VALUES ($1)  [["version", "20150311191200"]]
  [1m[36m (1.2ms)[0m  [1mCOMMIT[0m
Migrating to AddDefaultValueToCadastroAprovado (20150316182613)
  [1m[35m (0.1ms)[0m  BEGIN
  [1m[36m (0.5ms)[0m  [1mALTER TABLE "representatives" ALTER COLUMN "cadastro_aprovado" TYPE boolean[0m
  [1m[35m (0.3ms)[0m  ALTER TABLE "representatives" ALTER COLUMN "cadastro_aprovado" SET DEFAULT 'f'
  [1m[36mSQL (0.1ms)[0m  [1mINSERT INTO "schema_migrations" ("version") VALUES ($1)[0m  [["version", "20150316182613"]]
  [1m[35m (1.0ms)[0m  COMMIT
Migrating to CreateLicenses (20150317123024)
  [1m[36m (0.1ms)[0m  [1mBEGIN[0m
  [1m[35m (5.4ms)[0m  CREATE TABLE "licenses" ("id" serial primary key, "valor_unitario" decimal(12,2), "valor_sugerido" decimal(12,2), "tipo" integer DEFAULT 0 NOT NULL, "plan_id" integer, "created_at" timestamp, "updated_at" timestamp) 
  [1m[36m (3.1ms)[0m  [1mCREATE  INDEX  "index_licenses_on_plan_id" ON "licenses"  ("plan_id")[0m
  [1m[35mSQL (0.2ms)[0m  INSERT INTO "schema_migrations" ("version") VALUES ($1)  [["version", "20150317123024"]]
  [1m[36m (1.4ms)[0m  [1mCOMMIT[0m
Migrating to AddDescricaoToLicenses (20150317161821)
  [1m[35m (0.2ms)[0m  BEGIN
  [1m[36m (0.4ms)[0m  [1mALTER TABLE "licenses" ADD COLUMN "descricao" character varying(255)[0m
  [1m[35mSQL (0.2ms)[0m  INSERT INTO "schema_migrations" ("version") VALUES ($1)  [["version", "20150317161821"]]
  [1m[36m (1.1ms)[0m  [1mCOMMIT[0m
Migrating to CreateLicenseMovements (20150317191718)
  [1m[35m (0.2ms)[0m  BEGIN
  [1m[36m (5.5ms)[0m  [1mCREATE TABLE "license_movements" ("id" serial primary key, "license_id" integer, "representative_id" integer, "confirmado_pagamento_em" timestamp, "licenca_descricao" character varying(255), "licenca_tipo" integer, "licenca_valor_unitario" decimal(12,2) DEFAULT 0 NOT NULL, "licenca_valor_sugerido" decimal(12,2) DEFAULT 0 NOT NULL, "created_at" timestamp, "updated_at" timestamp) [0m
  [1m[35m (2.9ms)[0m  CREATE  INDEX  "index_license_movements_on_license_id" ON "license_movements"  ("license_id")
  [1m[36m (2.9ms)[0m  [1mCREATE  INDEX  "index_license_movements_on_representative_id" ON "license_movements"  ("representative_id")[0m
  [1m[35mSQL (0.2ms)[0m  INSERT INTO "schema_migrations" ("version") VALUES ($1)  [["version", "20150317191718"]]
  [1m[36m (1.4ms)[0m  [1mCOMMIT[0m
Migrating to AddCustomerToLicenseMovements (20150330182943)
  [1m[35m (0.2ms)[0m  BEGIN
  [1m[36m (1.0ms)[0m  [1mALTER TABLE "license_movements" ADD COLUMN "customer_id" integer[0m
  [1m[35m (4.3ms)[0m  CREATE  INDEX  "index_license_movements_on_customer_id" ON "license_movements"  ("customer_id")
  [1m[36m (1.5ms)[0m  [1mALTER TABLE "license_movements" ADD CONSTRAINT "license_movements_customer_id_fk" FOREIGN KEY ("customer_id") REFERENCES "customers"(id)[0m
  [1m[35m (0.3ms)[0m  ALTER TABLE "license_movements" ADD COLUMN "data_venda_cliente" date
  [1m[36mSQL (0.2ms)[0m  [1mINSERT INTO "schema_migrations" ("version") VALUES ($1)[0m  [["version", "20150330182943"]]
  [1m[35m (1.1ms)[0m  COMMIT
Migrating to CreatePlanMovements (20150330183126)
  [1m[36m (0.1ms)[0m  [1mBEGIN[0m
  [1m[35m (4.0ms)[0m  CREATE TABLE "plan_movements" ("id" serial primary key, "license_movement_id" integer, "quantidade_sms" integer, "valor_plano" decimal(12,2), "validade_inicio" date, "validade_fim" date) 
  [1m[36m (2.9ms)[0m  [1mCREATE  INDEX  "index_plan_movements_on_license_movement_id" ON "plan_movements"  ("license_movement_id")[0m
  [1m[35mSQL (0.2ms)[0m  INSERT INTO "schema_migrations" ("version") VALUES ($1)  [["version", "20150330183126"]]
  [1m[36m (1.1ms)[0m  [1mCOMMIT[0m
Migrating to ChangeColumnNameUserIdFromMessages (20150331165713)
  [1m[35m (0.1ms)[0m  BEGIN
  [1m[36m (0.5ms)[0m  [1mALTER TABLE "messages" DROP CONSTRAINT "messages_user_id_fk"[0m
  [1m[35m (0.3ms)[0m  ALTER TABLE "messages" DROP "user_id"
  [1m[36m (0.2ms)[0m  [1mALTER TABLE "messages" ADD COLUMN "customer_id" integer[0m
  [1m[35m (2.9ms)[0m  CREATE  INDEX  "index_messages_on_customer_id" ON "messages"  ("customer_id")
  [1m[36m (0.9ms)[0m  [1mALTER TABLE "messages" ADD CONSTRAINT "messages_customer_id_fk" FOREIGN KEY ("customer_id") REFERENCES "customers"(id)[0m
  [1m[35mSQL (0.2ms)[0m  INSERT INTO "schema_migrations" ("version") VALUES ($1)  [["version", "20150331165713"]]
  [1m[36m (1.3ms)[0m  [1mCOMMIT[0m
Migrating to AddColumnDateTimeSentToMessages (20150331170907)
  [1m[35m (0.1ms)[0m  BEGIN
  [1m[36m (0.2ms)[0m  [1mALTER TABLE "messages" ADD COLUMN "date_time_sent" timestamp[0m
  [1m[35mSQL (0.3ms)[0m  INSERT INTO "schema_migrations" ("version") VALUES ($1)  [["version", "20150331170907"]]
  [1m[36m (1.0ms)[0m  [1mCOMMIT[0m
Migrating to AddPlanFieldsAndValidadeInicioAndValidadeFimToLicenseMovements (20150401203124)
  [1m[35m (0.1ms)[0m  BEGIN
  [1m[36m (0.3ms)[0m  [1mALTER TABLE "license_movements" ADD COLUMN "plano_quantidade_sms" integer[0m
  [1m[35m (3.6ms)[0m  ALTER TABLE "license_movements" ADD COLUMN "plano_descricao" character varying(255)
  [1m[36m (0.3ms)[0m  [1mALTER TABLE "license_movements" ADD COLUMN "plano_valor_total" decimal(12,2)[0m
  [1m[35m (0.2ms)[0m  ALTER TABLE "license_movements" ADD COLUMN "validade_inicio" date
  [1m[36m (0.2ms)[0m  [1mALTER TABLE "license_movements" ADD COLUMN "validade_fim" date[0m
  [1m[35m (0.5ms)[0m  SELECT COUNT(*) FROM "license_movements"
  [1m[36mSQL (0.2ms)[0m  [1mINSERT INTO "schema_migrations" ("version") VALUES ($1)[0m  [["version", "20150401203124"]]
  [1m[35m (1.8ms)[0m  COMMIT
Migrating to CreateContactGroups (20150410163940)
  [1m[36m (0.1ms)[0m  [1mBEGIN[0m
  [1m[35m (8.1ms)[0m  CREATE TABLE "contact_groups" ("id" serial primary key, "descricao" character varying(255), "observacao" character varying(255), "customer_id" integer, "created_at" timestamp, "updated_at" timestamp) 
  [1m[36m (3.4ms)[0m  [1mCREATE  INDEX  "index_contact_groups_on_customer_id" ON "contact_groups"  ("customer_id")[0m
  [1m[35m (1.8ms)[0m  ALTER TABLE "contact_groups" ADD CONSTRAINT "contact_groups_customer_id_fk" FOREIGN KEY ("customer_id") REFERENCES "customers"(id)
  [1m[36mSQL (0.2ms)[0m  [1mINSERT INTO "schema_migrations" ("version") VALUES ($1)[0m  [["version", "20150410163940"]]
  [1m[35m (1.6ms)[0m  COMMIT
Migrating to CreateContacts (20150410164134)
  [1m[36m (0.2ms)[0m  [1mBEGIN[0m
  [1m[35m (7.6ms)[0m  CREATE TABLE "contacts" ("id" serial primary key, "nome" character varying(255), "celular" character varying(255), "email" character varying(255), "empresa" character varying(255), "customer_id" integer, "created_at" timestamp, "updated_at" timestamp) 
  [1m[36m (3.0ms)[0m  [1mCREATE  INDEX  "index_contacts_on_customer_id" ON "contacts"  ("customer_id")[0m
  [1m[35m (1.7ms)[0m  ALTER TABLE "contacts" ADD CONSTRAINT "contacts_customer_id_fk" FOREIGN KEY ("customer_id") REFERENCES "customers"(id)
  [1m[36mSQL (0.2ms)[0m  [1mINSERT INTO "schema_migrations" ("version") VALUES ($1)[0m  [["version", "20150410164134"]]
  [1m[35m (1.3ms)[0m  COMMIT
Migrating to CreateContactGroupsContacts (20150410164334)
  [1m[36m (0.2ms)[0m  [1mBEGIN[0m
  [1m[35m (9.3ms)[0m  CREATE TABLE "contact_groups_contacts" ("id" serial primary key, "contact_id" integer, "contact_group_id" integer) 
  [1m[36m (3.7ms)[0m  [1mCREATE  INDEX  "index_contact_groups_contacts_on_contact_id" ON "contact_groups_contacts"  ("contact_id")[0m
  [1m[35m (3.5ms)[0m  CREATE  INDEX  "index_contact_groups_contacts_on_contact_group_id" ON "contact_groups_contacts"  ("contact_group_id")
  [1m[36m (1.0ms)[0m  [1mALTER TABLE "contact_groups_contacts" ADD CONSTRAINT "contact_groups_contacts_contact_id_fk" FOREIGN KEY ("contact_id") REFERENCES "contacts"(id)[0m
  [1m[35m (1.2ms)[0m  ALTER TABLE "contact_groups_contacts" ADD CONSTRAINT "contact_groups_contacts_contact_group_id_fk" FOREIGN KEY ("contact_group_id") REFERENCES "contact_groups"(id)
  [1m[36mSQL (0.2ms)[0m  [1mINSERT INTO "schema_migrations" ("version") VALUES ($1)[0m  [["version", "20150410164334"]]
  [1m[35m (1.2ms)[0m  COMMIT
Migrating to AddAniversarioToContacts (20150416194109)
  [1m[36m (0.1ms)[0m  [1mBEGIN[0m
  [1m[35m (0.3ms)[0m  ALTER TABLE "contacts" ADD COLUMN "aniversario" date
  [1m[36mSQL (0.2ms)[0m  [1mINSERT INTO "schema_migrations" ("version") VALUES ($1)[0m  [["version", "20150416194109"]]
  [1m[35m (1.2ms)[0m  COMMIT
Migrating to RenameColumnContactsAniversarioToNascimento (20150422173401)
  [1m[36m (0.5ms)[0m  [1mBEGIN[0m
  [1m[35m (0.3ms)[0m  ALTER TABLE "contacts" RENAME COLUMN "aniversario" TO "nascimento"
  [1m[36mSQL (0.2ms)[0m  [1mINSERT INTO "schema_migrations" ("version") VALUES ($1)[0m  [["version", "20150422173401"]]
  [1m[35m (0.9ms)[0m  COMMIT
Migrating to AddCustomerIdToPlanMovements (20150427123408)
  [1m[36m (0.1ms)[0m  [1mBEGIN[0m
  [1m[35m (0.3ms)[0m  ALTER TABLE "plan_movements" ADD COLUMN "customer_id" integer
  [1m[36m (1.1ms)[0m  [1mALTER TABLE "plan_movements" ADD CONSTRAINT "plan_movements_customer_id_fk" FOREIGN KEY ("customer_id") REFERENCES "customers"(id)[0m
  [1m[35mPlanMovement Load (0.4ms)[0m  SELECT "plan_movements".* FROM "plan_movements"
  [1m[36mSQL (0.2ms)[0m  [1mINSERT INTO "schema_migrations" ("version") VALUES ($1)[0m  [["version", "20150427123408"]]
  [1m[35m (1.1ms)[0m  COMMIT
Migrating to AddValorVendaClienteToLicenseMovements (20150427145543)
  [1m[36m (0.1ms)[0m  [1mBEGIN[0m
  [1m[35m (0.4ms)[0m  ALTER TABLE "license_movements" ADD COLUMN "valor_venda_cliente" decimal(12,2)
  [1m[36mLicenseMovement Load (0.3ms)[0m  [1mSELECT "license_movements".* FROM "license_movements"[0m
  [1m[35mSQL (0.2ms)[0m  INSERT INTO "schema_migrations" ("version") VALUES ($1)  [["version", "20150427145543"]]
  [1m[36m (0.9ms)[0m  [1mCOMMIT[0m
Migrating to AddSexoToContacts (20150427204307)
  [1m[35m (0.1ms)[0m  BEGIN
  [1m[36m (9.9ms)[0m  [1mALTER TABLE "contacts" ADD COLUMN "sexo" integer DEFAULT 0 NOT NULL[0m
  [1m[35mContact Load (0.6ms)[0m  SELECT "contacts".* FROM "contacts"
  [1m[36mSQL (0.2ms)[0m  [1mINSERT INTO "schema_migrations" ("version") VALUES ($1)[0m  [["version", "20150427204307"]]
  [1m[35m (2.3ms)[0m  COMMIT
Migrating to CreateOurCustomers (20150428205143)
  [1m[36m (0.1ms)[0m  [1mBEGIN[0m
  [1m[35m (7.9ms)[0m  CREATE TABLE "our_customers" ("id" serial primary key, "descricao" character varying(255), "url" character varying(255), "created_at" timestamp, "updated_at" timestamp) 
  [1m[36mSQL (0.2ms)[0m  [1mINSERT INTO "schema_migrations" ("version") VALUES ($1)[0m  [["version", "20150428205143"]]
  [1m[35m (1.3ms)[0m  COMMIT
Migrating to AddAttachmentLogoToOurCustomers (20150429123629)
  [1m[36m (0.2ms)[0m  [1mBEGIN[0m
  [1m[35m (0.3ms)[0m  ALTER TABLE "our_customers" ADD COLUMN "logo_file_name" character varying(255)
  [1m[36m (0.2ms)[0m  [1mALTER TABLE "our_customers" ADD COLUMN "logo_content_type" character varying(255)[0m
  [1m[35m (0.3ms)[0m  ALTER TABLE "our_customers" ADD COLUMN "logo_file_size" integer
  [1m[36m (0.3ms)[0m  [1mALTER TABLE "our_customers" ADD COLUMN "logo_updated_at" timestamp[0m
  [1m[35mSQL (0.1ms)[0m  INSERT INTO "schema_migrations" ("version") VALUES ($1)  [["version", "20150429123629"]]
  [1m[36m (1.0ms)[0m  [1mCOMMIT[0m
Migrating to CreateMessageGroups (20150507210526)
  [1m[35m (0.1ms)[0m  BEGIN
  [1m[36m (6.8ms)[0m  [1mCREATE TABLE "message_groups" ("id" serial primary key, "created_at" timestamp, "updated_at" timestamp) [0m
  [1m[35mSQL (0.2ms)[0m  INSERT INTO "schema_migrations" ("version") VALUES ($1)  [["version", "20150507210526"]]
  [1m[36m (1.1ms)[0m  [1mCOMMIT[0m
Migrating to AddMessageGroupToMessages (20150507210554)
  [1m[35m (0.1ms)[0m  BEGIN
  [1m[36m (0.3ms)[0m  [1mALTER TABLE "messages" ADD COLUMN "message_group_id" integer[0m
  [1m[35m (3.4ms)[0m  CREATE  INDEX  "index_messages_on_message_group_id" ON "messages"  ("message_group_id")
  [1m[36mSQL (0.2ms)[0m  [1mINSERT INTO "schema_migrations" ("version") VALUES ($1)[0m  [["version", "20150507210554"]]
  [1m[35m (1.1ms)[0m  COMMIT
Migrating to AddContatoNomeToMessages (20150511115008)
  [1m[36m (0.1ms)[0m  [1mBEGIN[0m
  [1m[35m (0.3ms)[0m  ALTER TABLE "messages" ADD COLUMN "contato_nome" character varying(255)
  [1m[36mMessage Load (0.5ms)[0m  [1mSELECT "messages".* FROM "messages"[0m
  [1m[35mSQL (0.2ms)[0m  INSERT INTO "schema_migrations" ("version") VALUES ($1)  [["version", "20150511115008"]]
  [1m[36m (1.3ms)[0m  [1mCOMMIT[0m
Migrating to DestroyTableUsers (20150513173920)
  [1m[35m (0.1ms)[0m  BEGIN
  [1m[36m (1.1ms)[0m  [1mDROP TABLE "users"[0m
  [1m[35mSQL (0.2ms)[0m  INSERT INTO "schema_migrations" ("version") VALUES ($1)  [["version", "20150513173920"]]
  [1m[36m (1.7ms)[0m  [1mCOMMIT[0m
Migrating to AddEliminatedToDevices (20150514115430)
  [1m[35m (0.1ms)[0m  BEGIN
  [1m[36m (17.7ms)[0m  [1mALTER TABLE "devices" ADD COLUMN "eliminated" boolean DEFAULT 'f' NOT NULL[0m
  [1m[35mSQL (0.2ms)[0m  INSERT INTO "schema_migrations" ("version") VALUES ($1)  [["version", "20150514115430"]]
  [1m[36m (1.6ms)[0m  [1mCOMMIT[0m
Migrating to AddAndChangeAttributesOfPlanMovements (20150520164351)
  [1m[35m (0.1ms)[0m  BEGIN
  [1m[36m (0.3ms)[0m  [1mALTER TABLE "plan_movements" ADD COLUMN "plano_descricao" character varying(255)[0m
  [1m[35m (0.3ms)[0m  ALTER TABLE "plan_movements" ADD COLUMN "plano_tipo" integer
  [1m[36m (0.3ms)[0m  [1mALTER TABLE "plan_movements" ADD COLUMN "confirmado_pagamento_em" date[0m
  [1m[35m (0.3ms)[0m  ALTER TABLE "plan_movements" ADD COLUMN "created_at" timestamp
  [1m[36m (0.2ms)[0m  [1mALTER TABLE "plan_movements" RENAME COLUMN "valor_plano" TO "plano_valor_total"[0m
  [1m[35mSQL (0.7ms)[0m  SELECT "plan_movements"."id" AS t0_r0, "plan_movements"."license_movement_id" AS t0_r1, "plan_movements"."quantidade_sms" AS t0_r2, "plan_movements"."plano_valor_total" AS t0_r3, "plan_movements"."validade_inicio" AS t0_r4, "plan_movements"."validade_fim" AS t0_r5, "plan_movements"."customer_id" AS t0_r6, "plan_movements"."plano_descricao" AS t0_r7, "plan_movements"."plano_tipo" AS t0_r8, "plan_movements"."confirmado_pagamento_em" AS t0_r9, "plan_movements"."created_at" AS t0_r10, "license_movements"."id" AS t1_r0, "license_movements"."license_id" AS t1_r1, "license_movements"."representative_id" AS t1_r2, "license_movements"."confirmado_pagamento_em" AS t1_r3, "license_movements"."licenca_descricao" AS t1_r4, "license_movements"."licenca_tipo" AS t1_r5, "license_movements"."licenca_valor_unitario" AS t1_r6, "license_movements"."licenca_valor_sugerido" AS t1_r7, "license_movements"."created_at" AS t1_r8, "license_movements"."updated_at" AS t1_r9, "license_movements"."customer_id" AS t1_r10, "license_movements"."data_venda_cliente" AS t1_r11, "license_movements"."plano_quantidade_sms" AS t1_r12, "license_movements"."plano_descricao" AS t1_r13, "license_movements"."plano_valor_total" AS t1_r14, "license_movements"."validade_inicio" AS t1_r15, "license_movements"."validade_fim" AS t1_r16 FROM "plan_movements" LEFT OUTER JOIN "license_movements" ON "license_movements"."id" = "plan_movements"."license_movement_id"
  [1m[36mSQL (0.2ms)[0m  [1mINSERT INTO "schema_migrations" ("version") VALUES ($1)[0m  [["version", "20150520164351"]]
  [1m[35m (1.2ms)[0m  COMMIT
Migrating to CreateConfigurations (20150817134752)
  [1m[36m (0.2ms)[0m  [1mBEGIN[0m
  [1m[35m (5.3ms)[0m  CREATE TABLE "configurations" ("id" serial primary key, "customer_id" integer, "send_birthdays" boolean DEFAULT 'f' NOT NULL, "text_birthdays" character varying(255)) 
  [1m[36m (3.6ms)[0m  [1mCREATE  INDEX  "index_configurations_on_customer_id" ON "configurations"  ("customer_id")[0m
  [1m[35m (1.0ms)[0m  ALTER TABLE "configurations" ADD CONSTRAINT "configurations_customer_id_fk" FOREIGN KEY ("customer_id") REFERENCES "customers"(id)
  [1m[36mCustomer Load (0.5ms)[0m  [1mSELECT  "customers".* FROM "customers"   ORDER BY "customers"."id" ASC LIMIT 1000[0m
  [1m[35mSQL (0.2ms)[0m  INSERT INTO "schema_migrations" ("version") VALUES ($1)  [["version", "20150817134752"]]
  [1m[36m (1.4ms)[0m  [1mCOMMIT[0m
Migrating to CreateDeviceLogs (20151014164841)
  [1m[35m (0.1ms)[0m  BEGIN
  [1m[36m (5.6ms)[0m  [1mCREATE TABLE "device_logs" ("id" serial primary key, "message_log" character varying(255), "device_id" integer, "created_at" timestamp, "updated_at" timestamp) [0m
  [1m[35m (3.1ms)[0m  CREATE  INDEX  "index_device_logs_on_device_id" ON "device_logs"  ("device_id")
  [1m[36mSQL (0.2ms)[0m  [1mINSERT INTO "schema_migrations" ("version") VALUES ($1)[0m  [["version", "20151014164841"]]
  [1m[35m (1.1ms)[0m  COMMIT
Migrating to RemoveDeviceIdFromMessages (20170411114034)
  [1m[36m (0.1ms)[0m  [1mBEGIN[0m
  [1m[35m (0.6ms)[0m  ALTER TABLE "messages" DROP CONSTRAINT "messages_device_id_fk"
  [1m[36m (0.4ms)[0m  [1mALTER TABLE "messages" DROP "device_id"[0m
  [1m[35mSQL (0.1ms)[0m  INSERT INTO "schema_migrations" ("version") VALUES ($1)  [["version", "20170411114034"]]
  [1m[36m (1.2ms)[0m  [1mCOMMIT[0m
Migrating to DropTableDeviceLogs (20170411114226)
  [1m[35m (0.2ms)[0m  BEGIN
  [1m[36m (0.8ms)[0m  [1mDROP TABLE "device_logs"[0m
  [1m[35mSQL (0.2ms)[0m  INSERT INTO "schema_migrations" ("version") VALUES ($1)  [["version", "20170411114226"]]
  [1m[36m (1.6ms)[0m  [1mCOMMIT[0m
Migrating to DropTableDevices (20170411114402)
  [1m[35m (0.2ms)[0m  BEGIN
  [1m[36m (1.3ms)[0m  [1mDROP TABLE "devices"[0m
  [1m[35mSQL (0.2ms)[0m  INSERT INTO "schema_migrations" ("version") VALUES ($1)  [["version", "20170411114402"]]
  [1m[36m (2.8ms)[0m  [1mCOMMIT[0m
Migrating to RenameColumnAttempsToAttemptsFromMessages (20170411114527)
  [1m[35m (0.1ms)[0m  BEGIN
  [1m[36m (0.2ms)[0m  [1mALTER TABLE "messages" RENAME COLUMN "attemps" TO "attempts"[0m
  [1m[35mSQL (0.2ms)[0m  INSERT INTO "schema_migrations" ("version") VALUES ($1)  [["version", "20170411114527"]]
  [1m[36m (1.0ms)[0m  [1mCOMMIT[0m
Migrating to AddUuidToMessages (20170412184831)
  [1m[35m (0.1ms)[0m  BEGIN
  [1m[36m (0.5ms)[0m  [1mALTER TABLE "messages" ADD COLUMN "uuid" character varying(255)[0m
  [1m[35mMessage Load (0.3ms)[0m  SELECT  "messages".* FROM "messages"   ORDER BY "messages"."id" ASC LIMIT 1000
  [1m[36mSQL (0.2ms)[0m  [1mINSERT INTO "schema_migrations" ("version") VALUES ($1)[0m  [["version", "20170412184831"]]
  [1m[35m (1.7ms)[0m  COMMIT
  [1m[36mActiveRecord::SchemaMigration Load (0.2ms)[0m  [1mSELECT "schema_migrations".* FROM "schema_migrations"[0m
  [1m[35m (3.7ms)[0m  
          SELECT t2.relname AS to_table
               , a1.attname AS column
               , a2.attname AS primary_key
               , c.conname AS name
               , c.confdeltype AS dependency
               , c.confupdtype AS update_dependency
               , c.condeferrable AS deferrable
               , c.condeferred AS deferred
            , c.convalidated AS valid
          FROM pg_constraint c
          JOIN pg_class t1 ON c.conrelid = t1.oid
          JOIN pg_class t2 ON c.confrelid = t2.oid
          JOIN pg_attribute a1 ON a1.attnum = c.conkey[1] AND a1.attrelid = t1.oid
          JOIN pg_attribute a2 ON a2.attnum = c.confkey[1] AND a2.attrelid = t2.oid
          JOIN pg_namespace t3 ON c.connamespace = t3.oid
          WHERE c.contype = 'f'
            AND t1.relname = 'administrators'
            AND t3.nspname = ANY (current_schemas(false))
          ORDER BY c.conname
        
  [1m[36m (3.4ms)[0m  [1m
          SELECT t2.relname AS to_table
               , a1.attname AS column
               , a2.attname AS primary_key
               , c.conname AS name
               , c.confdeltype AS dependency
               , c.confupdtype AS update_dependency
               , c.condeferrable AS deferrable
               , c.condeferred AS deferred
            , c.convalidated AS valid
          FROM pg_constraint c
          JOIN pg_class t1 ON c.conrelid = t1.oid
          JOIN pg_class t2 ON c.confrelid = t2.oid
          JOIN pg_attribute a1 ON a1.attnum = c.conkey[1] AND a1.attrelid = t1.oid
          JOIN pg_attribute a2 ON a2.attnum = c.confkey[1] AND a2.attrelid = t2.oid
          JOIN pg_namespace t3 ON c.connamespace = t3.oid
          WHERE c.contype = 'f'
            AND t1.relname = 'administrators_roles'
            AND t3.nspname = ANY (current_schemas(false))
          ORDER BY c.conname
        [0m
  [1m[35m (3.1ms)[0m  
          SELECT t2.relname AS to_table
               , a1.attname AS column
               , a2.attname AS primary_key
               , c.conname AS name
               , c.confdeltype AS dependency
               , c.confupdtype AS update_dependency
               , c.condeferrable AS deferrable
               , c.condeferred AS deferred
            , c.convalidated AS valid
          FROM pg_constraint c
          JOIN pg_class t1 ON c.conrelid = t1.oid
          JOIN pg_class t2 ON c.confrelid = t2.oid
          JOIN pg_attribute a1 ON a1.attnum = c.conkey[1] AND a1.attrelid = t1.oid
          JOIN pg_attribute a2 ON a2.attnum = c.confkey[1] AND a2.attrelid = t2.oid
          JOIN pg_namespace t3 ON c.connamespace = t3.oid
          WHERE c.contype = 'f'
            AND t1.relname = 'configurations'
            AND t3.nspname = ANY (current_schemas(false))
          ORDER BY c.conname
        
  [1m[36m (2.5ms)[0m  [1m
          SELECT t2.relname AS to_table
               , a1.attname AS column
               , a2.attname AS primary_key
               , c.conname AS name
               , c.confdeltype AS dependency
               , c.confupdtype AS update_dependency
               , c.condeferrable AS deferrable
               , c.condeferred AS deferred
            , c.convalidated AS valid
          FROM pg_constraint c
          JOIN pg_class t1 ON c.conrelid = t1.oid
          JOIN pg_class t2 ON c.confrelid = t2.oid
          JOIN pg_attribute a1 ON a1.attnum = c.conkey[1] AND a1.attrelid = t1.oid
          JOIN pg_attribute a2 ON a2.attnum = c.confkey[1] AND a2.attrelid = t2.oid
          JOIN pg_namespace t3 ON c.connamespace = t3.oid
          WHERE c.contype = 'f'
            AND t1.relname = 'contact_groups'
            AND t3.nspname = ANY (current_schemas(false))
          ORDER BY c.conname
        [0m
  [1m[35m (2.3ms)[0m  
          SELECT t2.relname AS to_table
               , a1.attname AS column
               , a2.attname AS primary_key
               , c.conname AS name
               , c.confdeltype AS dependency
               , c.confupdtype AS update_dependency
               , c.condeferrable AS deferrable
               , c.condeferred AS deferred
            , c.convalidated AS valid
          FROM pg_constraint c
          JOIN pg_class t1 ON c.conrelid = t1.oid
          JOIN pg_class t2 ON c.confrelid = t2.oid
          JOIN pg_attribute a1 ON a1.attnum = c.conkey[1] AND a1.attrelid = t1.oid
          JOIN pg_attribute a2 ON a2.attnum = c.confkey[1] AND a2.attrelid = t2.oid
          JOIN pg_namespace t3 ON c.connamespace = t3.oid
          WHERE c.contype = 'f'
            AND t1.relname = 'contact_groups_contacts'
            AND t3.nspname = ANY (current_schemas(false))
          ORDER BY c.conname
        
  [1m[36m (2.2ms)[0m  [1m
          SELECT t2.relname AS to_table
               , a1.attname AS column
               , a2.attname AS primary_key
               , c.conname AS name
               , c.confdeltype AS dependency
               , c.confupdtype AS update_dependency
               , c.condeferrable AS deferrable
               , c.condeferred AS deferred
            , c.convalidated AS valid
          FROM pg_constraint c
          JOIN pg_class t1 ON c.conrelid = t1.oid
          JOIN pg_class t2 ON c.confrelid = t2.oid
          JOIN pg_attribute a1 ON a1.attnum = c.conkey[1] AND a1.attrelid = t1.oid
          JOIN pg_attribute a2 ON a2.attnum = c.confkey[1] AND a2.attrelid = t2.oid
          JOIN pg_namespace t3 ON c.connamespace = t3.oid
          WHERE c.contype = 'f'
            AND t1.relname = 'contacts'
            AND t3.nspname = ANY (current_schemas(false))
          ORDER BY c.conname
        [0m
  [1m[35m (2.1ms)[0m  
          SELECT t2.relname AS to_table
               , a1.attname AS column
               , a2.attname AS primary_key
               , c.conname AS name
               , c.confdeltype AS dependency
               , c.confupdtype AS update_dependency
               , c.condeferrable AS deferrable
               , c.condeferred AS deferred
            , c.convalidated AS valid
          FROM pg_constraint c
          JOIN pg_class t1 ON c.conrelid = t1.oid
          JOIN pg_class t2 ON c.confrelid = t2.oid
          JOIN pg_attribute a1 ON a1.attnum = c.conkey[1] AND a1.attrelid = t1.oid
          JOIN pg_attribute a2 ON a2.attnum = c.confkey[1] AND a2.attrelid = t2.oid
          JOIN pg_namespace t3 ON c.connamespace = t3.oid
          WHERE c.contype = 'f'
            AND t1.relname = 'customers'
            AND t3.nspname = ANY (current_schemas(false))
          ORDER BY c.conname
        
  [1m[36m (2.0ms)[0m  [1m
          SELECT t2.relname AS to_table
               , a1.attname AS column
               , a2.attname AS primary_key
               , c.conname AS name
               , c.confdeltype AS dependency
               , c.confupdtype AS update_dependency
               , c.condeferrable AS deferrable
               , c.condeferred AS deferred
            , c.convalidated AS valid
          FROM pg_constraint c
          JOIN pg_class t1 ON c.conrelid = t1.oid
          JOIN pg_class t2 ON c.confrelid = t2.oid
          JOIN pg_attribute a1 ON a1.attnum = c.conkey[1] AND a1.attrelid = t1.oid
          JOIN pg_attribute a2 ON a2.attnum = c.confkey[1] AND a2.attrelid = t2.oid
          JOIN pg_namespace t3 ON c.connamespace = t3.oid
          WHERE c.contype = 'f'
            AND t1.relname = 'enderecos'
            AND t3.nspname = ANY (current_schemas(false))
          ORDER BY c.conname
        [0m
  [1m[35m (2.3ms)[0m  
          SELECT t2.relname AS to_table
               , a1.attname AS column
               , a2.attname AS primary_key
               , c.conname AS name
               , c.confdeltype AS dependency
               , c.confupdtype AS update_dependency
               , c.condeferrable AS deferrable
               , c.condeferred AS deferred
            , c.convalidated AS valid
          FROM pg_constraint c
          JOIN pg_class t1 ON c.conrelid = t1.oid
          JOIN pg_class t2 ON c.confrelid = t2.oid
          JOIN pg_attribute a1 ON a1.attnum = c.conkey[1] AND a1.attrelid = t1.oid
          JOIN pg_attribute a2 ON a2.attnum = c.confkey[1] AND a2.attrelid = t2.oid
          JOIN pg_namespace t3 ON c.connamespace = t3.oid
          WHERE c.contype = 'f'
            AND t1.relname = 'license_movements'
            AND t3.nspname = ANY (current_schemas(false))
          ORDER BY c.conname
        
  [1m[36m (2.4ms)[0m  [1m
          SELECT t2.relname AS to_table
               , a1.attname AS column
               , a2.attname AS primary_key
               , c.conname AS name
               , c.confdeltype AS dependency
               , c.confupdtype AS update_dependency
               , c.condeferrable AS deferrable
               , c.condeferred AS deferred
            , c.convalidated AS valid
          FROM pg_constraint c
          JOIN pg_class t1 ON c.conrelid = t1.oid
          JOIN pg_class t2 ON c.confrelid = t2.oid
          JOIN pg_attribute a1 ON a1.attnum = c.conkey[1] AND a1.attrelid = t1.oid
          JOIN pg_attribute a2 ON a2.attnum = c.confkey[1] AND a2.attrelid = t2.oid
          JOIN pg_namespace t3 ON c.connamespace = t3.oid
          WHERE c.contype = 'f'
            AND t1.relname = 'licenses'
            AND t3.nspname = ANY (current_schemas(false))
          ORDER BY c.conname
        [0m
  [1m[35m (2.4ms)[0m  
          SELECT t2.relname AS to_table
               , a1.attname AS column
               , a2.attname AS primary_key
               , c.conname AS name
               , c.confdeltype AS dependency
               , c.confupdtype AS update_dependency
               , c.condeferrable AS deferrable
               , c.condeferred AS deferred
            , c.convalidated AS valid
          FROM pg_constraint c
          JOIN pg_class t1 ON c.conrelid = t1.oid
          JOIN pg_class t2 ON c.confrelid = t2.oid
          JOIN pg_attribute a1 ON a1.attnum = c.conkey[1] AND a1.attrelid = t1.oid
          JOIN pg_attribute a2 ON a2.attnum = c.confkey[1] AND a2.attrelid = t2.oid
          JOIN pg_namespace t3 ON c.connamespace = t3.oid
          WHERE c.contype = 'f'
            AND t1.relname = 'message_groups'
            AND t3.nspname = ANY (current_schemas(false))
          ORDER BY c.conname
        
  [1m[36m (3.3ms)[0m  [1m
          SELECT t2.relname AS to_table
               , a1.attname AS column
               , a2.attname AS primary_key
               , c.conname AS name
               , c.confdeltype AS dependency
               , c.confupdtype AS update_dependency
               , c.condeferrable AS deferrable
               , c.condeferred AS deferred
            , c.convalidated AS valid
          FROM pg_constraint c
          JOIN pg_class t1 ON c.conrelid = t1.oid
          JOIN pg_class t2 ON c.confrelid = t2.oid
          JOIN pg_attribute a1 ON a1.attnum = c.conkey[1] AND a1.attrelid = t1.oid
          JOIN pg_attribute a2 ON a2.attnum = c.confkey[1] AND a2.attrelid = t2.oid
          JOIN pg_namespace t3 ON c.connamespace = t3.oid
          WHERE c.contype = 'f'
            AND t1.relname = 'messages'
            AND t3.nspname = ANY (current_schemas(false))
          ORDER BY c.conname
        [0m
  [1m[35m (2.8ms)[0m  
          SELECT t2.relname AS to_table
               , a1.attname AS column
               , a2.attname AS primary_key
               , c.conname AS name
               , c.confdeltype AS dependency
               , c.confupdtype AS update_dependency
               , c.condeferrable AS deferrable
               , c.condeferred AS deferred
            , c.convalidated AS valid
          FROM pg_constraint c
          JOIN pg_class t1 ON c.conrelid = t1.oid
          JOIN pg_class t2 ON c.confrelid = t2.oid
          JOIN pg_attribute a1 ON a1.attnum = c.conkey[1] AND a1.attrelid = t1.oid
          JOIN pg_attribute a2 ON a2.attnum = c.confkey[1] AND a2.attrelid = t2.oid
          JOIN pg_namespace t3 ON c.connamespace = t3.oid
          WHERE c.contype = 'f'
            AND t1.relname = 'our_customers'
            AND t3.nspname = ANY (current_schemas(false))
          ORDER BY c.conname
        
  [1m[36m (2.1ms)[0m  [1m
          SELECT t2.relname AS to_table
               , a1.attname AS column
               , a2.attname AS primary_key
               , c.conname AS name
               , c.confdeltype AS dependency
               , c.confupdtype AS update_dependency
               , c.condeferrable AS deferrable
               , c.condeferred AS deferred
            , c.convalidated AS valid
          FROM pg_constraint c
          JOIN pg_class t1 ON c.conrelid = t1.oid
          JOIN pg_class t2 ON c.confrelid = t2.oid
          JOIN pg_attribute a1 ON a1.attnum = c.conkey[1] AND a1.attrelid = t1.oid
          JOIN pg_attribute a2 ON a2.attnum = c.confkey[1] AND a2.attrelid = t2.oid
          JOIN pg_namespace t3 ON c.connamespace = t3.oid
          WHERE c.contype = 'f'
            AND t1.relname = 'permissions'
            AND t3.nspname = ANY (current_schemas(false))
          ORDER BY c.conname
        [0m
  [1m[35m (2.2ms)[0m  
          SELECT t2.relname AS to_table
               , a1.attname AS column
               , a2.attname AS primary_key
               , c.conname AS name
               , c.confdeltype AS dependency
               , c.confupdtype AS update_dependency
               , c.condeferrable AS deferrable
               , c.condeferred AS deferred
            , c.convalidated AS valid
          FROM pg_constraint c
          JOIN pg_class t1 ON c.conrelid = t1.oid
          JOIN pg_class t2 ON c.confrelid = t2.oid
          JOIN pg_attribute a1 ON a1.attnum = c.conkey[1] AND a1.attrelid = t1.oid
          JOIN pg_attribute a2 ON a2.attnum = c.confkey[1] AND a2.attrelid = t2.oid
          JOIN pg_namespace t3 ON c.connamespace = t3.oid
          WHERE c.contype = 'f'
            AND t1.relname = 'plan_movements'
            AND t3.nspname = ANY (current_schemas(false))
          ORDER BY c.conname
        
  [1m[36m (2.1ms)[0m  [1m
          SELECT t2.relname AS to_table
               , a1.attname AS column
               , a2.attname AS primary_key
               , c.conname AS name
               , c.confdeltype AS dependency
               , c.confupdtype AS update_dependency
               , c.condeferrable AS deferrable
               , c.condeferred AS deferred
            , c.convalidated AS valid
          FROM pg_constraint c
          JOIN pg_class t1 ON c.conrelid = t1.oid
          JOIN pg_class t2 ON c.confrelid = t2.oid
          JOIN pg_attribute a1 ON a1.attnum = c.conkey[1] AND a1.attrelid = t1.oid
          JOIN pg_attribute a2 ON a2.attnum = c.confkey[1] AND a2.attrelid = t2.oid
          JOIN pg_namespace t3 ON c.connamespace = t3.oid
          WHERE c.contype = 'f'
            AND t1.relname = 'plans'
            AND t3.nspname = ANY (current_schemas(false))
          ORDER BY c.conname
        [0m
  [1m[35m (2.1ms)[0m  
          SELECT t2.relname AS to_table
               , a1.attname AS column
               , a2.attname AS primary_key
               , c.conname AS name
               , c.confdeltype AS dependency
               , c.confupdtype AS update_dependency
               , c.condeferrable AS deferrable
               , c.condeferred AS deferred
            , c.convalidated AS valid
          FROM pg_constraint c
          JOIN pg_class t1 ON c.conrelid = t1.oid
          JOIN pg_class t2 ON c.confrelid = t2.oid
          JOIN pg_attribute a1 ON a1.attnum = c.conkey[1] AND a1.attrelid = t1.oid
          JOIN pg_attribute a2 ON a2.attnum = c.confkey[1] AND a2.attrelid = t2.oid
          JOIN pg_namespace t3 ON c.connamespace = t3.oid
          WHERE c.contype = 'f'
            AND t1.relname = 'representatives'
            AND t3.nspname = ANY (current_schemas(false))
          ORDER BY c.conname
        
  [1m[36m (2.2ms)[0m  [1m
          SELECT t2.relname AS to_table
               , a1.attname AS column
               , a2.attname AS primary_key
               , c.conname AS name
               , c.confdeltype AS dependency
               , c.confupdtype AS update_dependency
               , c.condeferrable AS deferrable
               , c.condeferred AS deferred
            , c.convalidated AS valid
          FROM pg_constraint c
          JOIN pg_class t1 ON c.conrelid = t1.oid
          JOIN pg_class t2 ON c.confrelid = t2.oid
          JOIN pg_attribute a1 ON a1.attnum = c.conkey[1] AND a1.attrelid = t1.oid
          JOIN pg_attribute a2 ON a2.attnum = c.confkey[1] AND a2.attrelid = t2.oid
          JOIN pg_namespace t3 ON c.connamespace = t3.oid
          WHERE c.contype = 'f'
            AND t1.relname = 'roles'
            AND t3.nspname = ANY (current_schemas(false))
          ORDER BY c.conname
        [0m
DEPRECATION WARNING: Extra .css in SCSS file is unnecessary. Rename /var/www/baseinocode-rails/app/assets/stylesheets/crud.css.scss to /var/www/baseinocode-rails/app/assets/stylesheets/crud.scss. (called from mon_synchronize at /usr/local/rvm/rubies/ruby-2.2.1/lib/ruby/2.2.0/monitor.rb:211)
DEPRECATION WARNING: Extra .css in SCSS file is unnecessary. Rename /var/www/baseinocode-rails/app/assets/stylesheets/sessions.css.scss to /var/www/baseinocode-rails/app/assets/stylesheets/sessions.scss. (called from mon_synchronize at /usr/local/rvm/rubies/ruby-2.2.1/lib/ruby/2.2.0/monitor.rb:211)
DEPRECATION WARNING: Extra .css in SCSS file is unnecessary. Rename /var/www/baseinocode-rails/app/assets/stylesheets/crud.css.scss to /var/www/baseinocode-rails/app/assets/stylesheets/crud.scss. (called from mon_synchronize at /usr/local/rvm/rubies/ruby-2.2.1/lib/ruby/2.2.0/monitor.rb:211)
DEPRECATION WARNING: Extra .css in SCSS file is unnecessary. Rename /var/www/baseinocode-rails/app/assets/stylesheets/sessions.css.scss to /var/www/baseinocode-rails/app/assets/stylesheets/sessions.scss. (called from mon_synchronize at /usr/local/rvm/rubies/ruby-2.2.1/lib/ruby/2.2.0/monitor.rb:211)
  [1m[36mActiveRecord::SchemaMigration Load (0.4ms)[0m  [1mSELECT "schema_migrations".* FROM "schema_migrations"[0m
  [1m[35mActiveRecord::SchemaMigration Load (0.2ms)[0m  SELECT "schema_migrations".* FROM "schema_migrations"
  [1m[36m (2.7ms)[0m  [1m
          SELECT t2.relname AS to_table
               , a1.attname AS column
               , a2.attname AS primary_key
               , c.conname AS name
               , c.confdeltype AS dependency
               , c.confupdtype AS update_dependency
               , c.condeferrable AS deferrable
               , c.condeferred AS deferred
            , c.convalidated AS valid
          FROM pg_constraint c
          JOIN pg_class t1 ON c.conrelid = t1.oid
          JOIN pg_class t2 ON c.confrelid = t2.oid
          JOIN pg_attribute a1 ON a1.attnum = c.conkey[1] AND a1.attrelid = t1.oid
          JOIN pg_attribute a2 ON a2.attnum = c.confkey[1] AND a2.attrelid = t2.oid
          JOIN pg_namespace t3 ON c.connamespace = t3.oid
          WHERE c.contype = 'f'
            AND t1.relname = 'administrators'
            AND t3.nspname = ANY (current_schemas(false))
          ORDER BY c.conname
        [0m
  [1m[35m (1.9ms)[0m  
          SELECT t2.relname AS to_table
               , a1.attname AS column
               , a2.attname AS primary_key
               , c.conname AS name
               , c.confdeltype AS dependency
               , c.confupdtype AS update_dependency
               , c.condeferrable AS deferrable
               , c.condeferred AS deferred
            , c.convalidated AS valid
          FROM pg_constraint c
          JOIN pg_class t1 ON c.conrelid = t1.oid
          JOIN pg_class t2 ON c.confrelid = t2.oid
          JOIN pg_attribute a1 ON a1.attnum = c.conkey[1] AND a1.attrelid = t1.oid
          JOIN pg_attribute a2 ON a2.attnum = c.confkey[1] AND a2.attrelid = t2.oid
          JOIN pg_namespace t3 ON c.connamespace = t3.oid
          WHERE c.contype = 'f'
            AND t1.relname = 'administrators_roles'
            AND t3.nspname = ANY (current_schemas(false))
          ORDER BY c.conname
        
  [1m[36m (2.1ms)[0m  [1m
          SELECT t2.relname AS to_table
               , a1.attname AS column
               , a2.attname AS primary_key
               , c.conname AS name
               , c.confdeltype AS dependency
               , c.confupdtype AS update_dependency
               , c.condeferrable AS deferrable
               , c.condeferred AS deferred
            , c.convalidated AS valid
          FROM pg_constraint c
          JOIN pg_class t1 ON c.conrelid = t1.oid
          JOIN pg_class t2 ON c.confrelid = t2.oid
          JOIN pg_attribute a1 ON a1.attnum = c.conkey[1] AND a1.attrelid = t1.oid
          JOIN pg_attribute a2 ON a2.attnum = c.confkey[1] AND a2.attrelid = t2.oid
          JOIN pg_namespace t3 ON c.connamespace = t3.oid
          WHERE c.contype = 'f'
            AND t1.relname = 'configurations'
            AND t3.nspname = ANY (current_schemas(false))
          ORDER BY c.conname
        [0m
  [1m[35m (2.2ms)[0m  
          SELECT t2.relname AS to_table
               , a1.attname AS column
               , a2.attname AS primary_key
               , c.conname AS name
               , c.confdeltype AS dependency
               , c.confupdtype AS update_dependency
               , c.condeferrable AS deferrable
               , c.condeferred AS deferred
            , c.convalidated AS valid
          FROM pg_constraint c
          JOIN pg_class t1 ON c.conrelid = t1.oid
          JOIN pg_class t2 ON c.confrelid = t2.oid
          JOIN pg_attribute a1 ON a1.attnum = c.conkey[1] AND a1.attrelid = t1.oid
          JOIN pg_attribute a2 ON a2.attnum = c.confkey[1] AND a2.attrelid = t2.oid
          JOIN pg_namespace t3 ON c.connamespace = t3.oid
          WHERE c.contype = 'f'
            AND t1.relname = 'contact_groups'
            AND t3.nspname = ANY (current_schemas(false))
          ORDER BY c.conname
        
  [1m[36m (2.3ms)[0m  [1m
          SELECT t2.relname AS to_table
               , a1.attname AS column
               , a2.attname AS primary_key
               , c.conname AS name
               , c.confdeltype AS dependency
               , c.confupdtype AS update_dependency
               , c.condeferrable AS deferrable
               , c.condeferred AS deferred
            , c.convalidated AS valid
          FROM pg_constraint c
          JOIN pg_class t1 ON c.conrelid = t1.oid
          JOIN pg_class t2 ON c.confrelid = t2.oid
          JOIN pg_attribute a1 ON a1.attnum = c.conkey[1] AND a1.attrelid = t1.oid
          JOIN pg_attribute a2 ON a2.attnum = c.confkey[1] AND a2.attrelid = t2.oid
          JOIN pg_namespace t3 ON c.connamespace = t3.oid
          WHERE c.contype = 'f'
            AND t1.relname = 'contact_groups_contacts'
            AND t3.nspname = ANY (current_schemas(false))
          ORDER BY c.conname
        [0m
  [1m[35m (2.1ms)[0m  
          SELECT t2.relname AS to_table
               , a1.attname AS column
               , a2.attname AS primary_key
               , c.conname AS name
               , c.confdeltype AS dependency
               , c.confupdtype AS update_dependency
               , c.condeferrable AS deferrable
               , c.condeferred AS deferred
            , c.convalidated AS valid
          FROM pg_constraint c
          JOIN pg_class t1 ON c.conrelid = t1.oid
          JOIN pg_class t2 ON c.confrelid = t2.oid
          JOIN pg_attribute a1 ON a1.attnum = c.conkey[1] AND a1.attrelid = t1.oid
          JOIN pg_attribute a2 ON a2.attnum = c.confkey[1] AND a2.attrelid = t2.oid
          JOIN pg_namespace t3 ON c.connamespace = t3.oid
          WHERE c.contype = 'f'
            AND t1.relname = 'contacts'
            AND t3.nspname = ANY (current_schemas(false))
          ORDER BY c.conname
        
  [1m[36m (2.1ms)[0m  [1m
          SELECT t2.relname AS to_table
               , a1.attname AS column
               , a2.attname AS primary_key
               , c.conname AS name
               , c.confdeltype AS dependency
               , c.confupdtype AS update_dependency
               , c.condeferrable AS deferrable
               , c.condeferred AS deferred
            , c.convalidated AS valid
          FROM pg_constraint c
          JOIN pg_class t1 ON c.conrelid = t1.oid
          JOIN pg_class t2 ON c.confrelid = t2.oid
          JOIN pg_attribute a1 ON a1.attnum = c.conkey[1] AND a1.attrelid = t1.oid
          JOIN pg_attribute a2 ON a2.attnum = c.confkey[1] AND a2.attrelid = t2.oid
          JOIN pg_namespace t3 ON c.connamespace = t3.oid
          WHERE c.contype = 'f'
            AND t1.relname = 'customers'
            AND t3.nspname = ANY (current_schemas(false))
          ORDER BY c.conname
        [0m
  [1m[35m (2.1ms)[0m  
          SELECT t2.relname AS to_table
               , a1.attname AS column
               , a2.attname AS primary_key
               , c.conname AS name
               , c.confdeltype AS dependency
               , c.confupdtype AS update_dependency
               , c.condeferrable AS deferrable
               , c.condeferred AS deferred
            , c.convalidated AS valid
          FROM pg_constraint c
          JOIN pg_class t1 ON c.conrelid = t1.oid
          JOIN pg_class t2 ON c.confrelid = t2.oid
          JOIN pg_attribute a1 ON a1.attnum = c.conkey[1] AND a1.attrelid = t1.oid
          JOIN pg_attribute a2 ON a2.attnum = c.confkey[1] AND a2.attrelid = t2.oid
          JOIN pg_namespace t3 ON c.connamespace = t3.oid
          WHERE c.contype = 'f'
            AND t1.relname = 'enderecos'
            AND t3.nspname = ANY (current_schemas(false))
          ORDER BY c.conname
        
  [1m[36m (2.4ms)[0m  [1m
          SELECT t2.relname AS to_table
               , a1.attname AS column
               , a2.attname AS primary_key
               , c.conname AS name
               , c.confdeltype AS dependency
               , c.confupdtype AS update_dependency
               , c.condeferrable AS deferrable
               , c.condeferred AS deferred
            , c.convalidated AS valid
          FROM pg_constraint c
          JOIN pg_class t1 ON c.conrelid = t1.oid
          JOIN pg_class t2 ON c.confrelid = t2.oid
          JOIN pg_attribute a1 ON a1.attnum = c.conkey[1] AND a1.attrelid = t1.oid
          JOIN pg_attribute a2 ON a2.attnum = c.confkey[1] AND a2.attrelid = t2.oid
          JOIN pg_namespace t3 ON c.connamespace = t3.oid
          WHERE c.contype = 'f'
            AND t1.relname = 'license_movements'
            AND t3.nspname = ANY (current_schemas(false))
          ORDER BY c.conname
        [0m
  [1m[35m (2.1ms)[0m  
          SELECT t2.relname AS to_table
               , a1.attname AS column
               , a2.attname AS primary_key
               , c.conname AS name
               , c.confdeltype AS dependency
               , c.confupdtype AS update_dependency
               , c.condeferrable AS deferrable
               , c.condeferred AS deferred
            , c.convalidated AS valid
          FROM pg_constraint c
          JOIN pg_class t1 ON c.conrelid = t1.oid
          JOIN pg_class t2 ON c.confrelid = t2.oid
          JOIN pg_attribute a1 ON a1.attnum = c.conkey[1] AND a1.attrelid = t1.oid
          JOIN pg_attribute a2 ON a2.attnum = c.confkey[1] AND a2.attrelid = t2.oid
          JOIN pg_namespace t3 ON c.connamespace = t3.oid
          WHERE c.contype = 'f'
            AND t1.relname = 'licenses'
            AND t3.nspname = ANY (current_schemas(false))
          ORDER BY c.conname
        
  [1m[36m (2.4ms)[0m  [1m
          SELECT t2.relname AS to_table
               , a1.attname AS column
               , a2.attname AS primary_key
               , c.conname AS name
               , c.confdeltype AS dependency
               , c.confupdtype AS update_dependency
               , c.condeferrable AS deferrable
               , c.condeferred AS deferred
            , c.convalidated AS valid
          FROM pg_constraint c
          JOIN pg_class t1 ON c.conrelid = t1.oid
          JOIN pg_class t2 ON c.confrelid = t2.oid
          JOIN pg_attribute a1 ON a1.attnum = c.conkey[1] AND a1.attrelid = t1.oid
          JOIN pg_attribute a2 ON a2.attnum = c.confkey[1] AND a2.attrelid = t2.oid
          JOIN pg_namespace t3 ON c.connamespace = t3.oid
          WHERE c.contype = 'f'
            AND t1.relname = 'message_groups'
            AND t3.nspname = ANY (current_schemas(false))
          ORDER BY c.conname
        [0m
  [1m[35m (2.2ms)[0m  
          SELECT t2.relname AS to_table
               , a1.attname AS column
               , a2.attname AS primary_key
               , c.conname AS name
               , c.confdeltype AS dependency
               , c.confupdtype AS update_dependency
               , c.condeferrable AS deferrable
               , c.condeferred AS deferred
            , c.convalidated AS valid
          FROM pg_constraint c
          JOIN pg_class t1 ON c.conrelid = t1.oid
          JOIN pg_class t2 ON c.confrelid = t2.oid
          JOIN pg_attribute a1 ON a1.attnum = c.conkey[1] AND a1.attrelid = t1.oid
          JOIN pg_attribute a2 ON a2.attnum = c.confkey[1] AND a2.attrelid = t2.oid
          JOIN pg_namespace t3 ON c.connamespace = t3.oid
          WHERE c.contype = 'f'
            AND t1.relname = 'messages'
            AND t3.nspname = ANY (current_schemas(false))
          ORDER BY c.conname
        
  [1m[36m (2.5ms)[0m  [1m
          SELECT t2.relname AS to_table
               , a1.attname AS column
               , a2.attname AS primary_key
               , c.conname AS name
               , c.confdeltype AS dependency
               , c.confupdtype AS update_dependency
               , c.condeferrable AS deferrable
               , c.condeferred AS deferred
            , c.convalidated AS valid
          FROM pg_constraint c
          JOIN pg_class t1 ON c.conrelid = t1.oid
          JOIN pg_class t2 ON c.confrelid = t2.oid
          JOIN pg_attribute a1 ON a1.attnum = c.conkey[1] AND a1.attrelid = t1.oid
          JOIN pg_attribute a2 ON a2.attnum = c.confkey[1] AND a2.attrelid = t2.oid
          JOIN pg_namespace t3 ON c.connamespace = t3.oid
          WHERE c.contype = 'f'
            AND t1.relname = 'our_customers'
            AND t3.nspname = ANY (current_schemas(false))
          ORDER BY c.conname
        [0m
  [1m[35m (2.4ms)[0m  
          SELECT t2.relname AS to_table
               , a1.attname AS column
               , a2.attname AS primary_key
               , c.conname AS name
               , c.confdeltype AS dependency
               , c.confupdtype AS update_dependency
               , c.condeferrable AS deferrable
               , c.condeferred AS deferred
            , c.convalidated AS valid
          FROM pg_constraint c
          JOIN pg_class t1 ON c.conrelid = t1.oid
          JOIN pg_class t2 ON c.confrelid = t2.oid
          JOIN pg_attribute a1 ON a1.attnum = c.conkey[1] AND a1.attrelid = t1.oid
          JOIN pg_attribute a2 ON a2.attnum = c.confkey[1] AND a2.attrelid = t2.oid
          JOIN pg_namespace t3 ON c.connamespace = t3.oid
          WHERE c.contype = 'f'
            AND t1.relname = 'permissions'
            AND t3.nspname = ANY (current_schemas(false))
          ORDER BY c.conname
        
  [1m[36m (2.1ms)[0m  [1m
          SELECT t2.relname AS to_table
               , a1.attname AS column
               , a2.attname AS primary_key
               , c.conname AS name
               , c.confdeltype AS dependency
               , c.confupdtype AS update_dependency
               , c.condeferrable AS deferrable
               , c.condeferred AS deferred
            , c.convalidated AS valid
          FROM pg_constraint c
          JOIN pg_class t1 ON c.conrelid = t1.oid
          JOIN pg_class t2 ON c.confrelid = t2.oid
          JOIN pg_attribute a1 ON a1.attnum = c.conkey[1] AND a1.attrelid = t1.oid
          JOIN pg_attribute a2 ON a2.attnum = c.confkey[1] AND a2.attrelid = t2.oid
          JOIN pg_namespace t3 ON c.connamespace = t3.oid
          WHERE c.contype = 'f'
            AND t1.relname = 'plan_movements'
            AND t3.nspname = ANY (current_schemas(false))
          ORDER BY c.conname
        [0m
  [1m[35m (2.2ms)[0m  
          SELECT t2.relname AS to_table
               , a1.attname AS column
               , a2.attname AS primary_key
               , c.conname AS name
               , c.confdeltype AS dependency
               , c.confupdtype AS update_dependency
               , c.condeferrable AS deferrable
               , c.condeferred AS deferred
            , c.convalidated AS valid
          FROM pg_constraint c
          JOIN pg_class t1 ON c.conrelid = t1.oid
          JOIN pg_class t2 ON c.confrelid = t2.oid
          JOIN pg_attribute a1 ON a1.attnum = c.conkey[1] AND a1.attrelid = t1.oid
          JOIN pg_attribute a2 ON a2.attnum = c.confkey[1] AND a2.attrelid = t2.oid
          JOIN pg_namespace t3 ON c.connamespace = t3.oid
          WHERE c.contype = 'f'
            AND t1.relname = 'plans'
            AND t3.nspname = ANY (current_schemas(false))
          ORDER BY c.conname
        
  [1m[36m (2.4ms)[0m  [1m
          SELECT t2.relname AS to_table
               , a1.attname AS column
               , a2.attname AS primary_key
               , c.conname AS name
               , c.confdeltype AS dependency
               , c.confupdtype AS update_dependency
               , c.condeferrable AS deferrable
               , c.condeferred AS deferred
            , c.convalidated AS valid
          FROM pg_constraint c
          JOIN pg_class t1 ON c.conrelid = t1.oid
          JOIN pg_class t2 ON c.confrelid = t2.oid
          JOIN pg_attribute a1 ON a1.attnum = c.conkey[1] AND a1.attrelid = t1.oid
          JOIN pg_attribute a2 ON a2.attnum = c.confkey[1] AND a2.attrelid = t2.oid
          JOIN pg_namespace t3 ON c.connamespace = t3.oid
          WHERE c.contype = 'f'
            AND t1.relname = 'representatives'
            AND t3.nspname = ANY (current_schemas(false))
          ORDER BY c.conname
        [0m
  [1m[35m (2.3ms)[0m  
          SELECT t2.relname AS to_table
               , a1.attname AS column
               , a2.attname AS primary_key
               , c.conname AS name
               , c.confdeltype AS dependency
               , c.confupdtype AS update_dependency
               , c.condeferrable AS deferrable
               , c.condeferred AS deferred
            , c.convalidated AS valid
          FROM pg_constraint c
          JOIN pg_class t1 ON c.conrelid = t1.oid
          JOIN pg_class t2 ON c.confrelid = t2.oid
          JOIN pg_attribute a1 ON a1.attnum = c.conkey[1] AND a1.attrelid = t1.oid
          JOIN pg_attribute a2 ON a2.attnum = c.confkey[1] AND a2.attrelid = t2.oid
          JOIN pg_namespace t3 ON c.connamespace = t3.oid
          WHERE c.contype = 'f'
            AND t1.relname = 'roles'
            AND t3.nspname = ANY (current_schemas(false))
          ORDER BY c.conname
        
  [1m[36mActiveRecord::SchemaMigration Load (0.5ms)[0m  [1mSELECT "schema_migrations".* FROM "schema_migrations"[0m
  [1m[35mActiveRecord::SchemaMigration Load (0.3ms)[0m  SELECT "schema_migrations".* FROM "schema_migrations"
  [1m[36m (2.5ms)[0m  [1m
          SELECT t2.relname AS to_table
               , a1.attname AS column
               , a2.attname AS primary_key
               , c.conname AS name
               , c.confdeltype AS dependency
               , c.confupdtype AS update_dependency
               , c.condeferrable AS deferrable
               , c.condeferred AS deferred
            , c.convalidated AS valid
          FROM pg_constraint c
          JOIN pg_class t1 ON c.conrelid = t1.oid
          JOIN pg_class t2 ON c.confrelid = t2.oid
          JOIN pg_attribute a1 ON a1.attnum = c.conkey[1] AND a1.attrelid = t1.oid
          JOIN pg_attribute a2 ON a2.attnum = c.confkey[1] AND a2.attrelid = t2.oid
          JOIN pg_namespace t3 ON c.connamespace = t3.oid
          WHERE c.contype = 'f'
            AND t1.relname = 'administrators'
            AND t3.nspname = ANY (current_schemas(false))
          ORDER BY c.conname
        [0m
  [1m[35m (2.3ms)[0m  
          SELECT t2.relname AS to_table
               , a1.attname AS column
               , a2.attname AS primary_key
               , c.conname AS name
               , c.confdeltype AS dependency
               , c.confupdtype AS update_dependency
               , c.condeferrable AS deferrable
               , c.condeferred AS deferred
            , c.convalidated AS valid
          FROM pg_constraint c
          JOIN pg_class t1 ON c.conrelid = t1.oid
          JOIN pg_class t2 ON c.confrelid = t2.oid
          JOIN pg_attribute a1 ON a1.attnum = c.conkey[1] AND a1.attrelid = t1.oid
          JOIN pg_attribute a2 ON a2.attnum = c.confkey[1] AND a2.attrelid = t2.oid
          JOIN pg_namespace t3 ON c.connamespace = t3.oid
          WHERE c.contype = 'f'
            AND t1.relname = 'administrators_roles'
            AND t3.nspname = ANY (current_schemas(false))
          ORDER BY c.conname
        
  [1m[36m (2.6ms)[0m  [1m
          SELECT t2.relname AS to_table
               , a1.attname AS column
               , a2.attname AS primary_key
               , c.conname AS name
               , c.confdeltype AS dependency
               , c.confupdtype AS update_dependency
               , c.condeferrable AS deferrable
               , c.condeferred AS deferred
            , c.convalidated AS valid
          FROM pg_constraint c
          JOIN pg_class t1 ON c.conrelid = t1.oid
          JOIN pg_class t2 ON c.confrelid = t2.oid
          JOIN pg_attribute a1 ON a1.attnum = c.conkey[1] AND a1.attrelid = t1.oid
          JOIN pg_attribute a2 ON a2.attnum = c.confkey[1] AND a2.attrelid = t2.oid
          JOIN pg_namespace t3 ON c.connamespace = t3.oid
          WHERE c.contype = 'f'
            AND t1.relname = 'configurations'
            AND t3.nspname = ANY (current_schemas(false))
          ORDER BY c.conname
        [0m
  [1m[35m (2.4ms)[0m  
          SELECT t2.relname AS to_table
               , a1.attname AS column
               , a2.attname AS primary_key
               , c.conname AS name
               , c.confdeltype AS dependency
               , c.confupdtype AS update_dependency
               , c.condeferrable AS deferrable
               , c.condeferred AS deferred
            , c.convalidated AS valid
          FROM pg_constraint c
          JOIN pg_class t1 ON c.conrelid = t1.oid
          JOIN pg_class t2 ON c.confrelid = t2.oid
          JOIN pg_attribute a1 ON a1.attnum = c.conkey[1] AND a1.attrelid = t1.oid
          JOIN pg_attribute a2 ON a2.attnum = c.confkey[1] AND a2.attrelid = t2.oid
          JOIN pg_namespace t3 ON c.connamespace = t3.oid
          WHERE c.contype = 'f'
            AND t1.relname = 'contact_groups'
            AND t3.nspname = ANY (current_schemas(false))
          ORDER BY c.conname
        
  [1m[36m (2.3ms)[0m  [1m
          SELECT t2.relname AS to_table
               , a1.attname AS column
               , a2.attname AS primary_key
               , c.conname AS name
               , c.confdeltype AS dependency
               , c.confupdtype AS update_dependency
               , c.condeferrable AS deferrable
               , c.condeferred AS deferred
            , c.convalidated AS valid
          FROM pg_constraint c
          JOIN pg_class t1 ON c.conrelid = t1.oid
          JOIN pg_class t2 ON c.confrelid = t2.oid
          JOIN pg_attribute a1 ON a1.attnum = c.conkey[1] AND a1.attrelid = t1.oid
          JOIN pg_attribute a2 ON a2.attnum = c.confkey[1] AND a2.attrelid = t2.oid
          JOIN pg_namespace t3 ON c.connamespace = t3.oid
          WHERE c.contype = 'f'
            AND t1.relname = 'contact_groups_contacts'
            AND t3.nspname = ANY (current_schemas(false))
          ORDER BY c.conname
        [0m
  [1m[35m (2.3ms)[0m  
          SELECT t2.relname AS to_table
               , a1.attname AS column
               , a2.attname AS primary_key
               , c.conname AS name
               , c.confdeltype AS dependency
               , c.confupdtype AS update_dependency
               , c.condeferrable AS deferrable
               , c.condeferred AS deferred
            , c.convalidated AS valid
          FROM pg_constraint c
          JOIN pg_class t1 ON c.conrelid = t1.oid
          JOIN pg_class t2 ON c.confrelid = t2.oid
          JOIN pg_attribute a1 ON a1.attnum = c.conkey[1] AND a1.attrelid = t1.oid
          JOIN pg_attribute a2 ON a2.attnum = c.confkey[1] AND a2.attrelid = t2.oid
          JOIN pg_namespace t3 ON c.connamespace = t3.oid
          WHERE c.contype = 'f'
            AND t1.relname = 'contacts'
            AND t3.nspname = ANY (current_schemas(false))
          ORDER BY c.conname
        
  [1m[36m (2.9ms)[0m  [1m
          SELECT t2.relname AS to_table
               , a1.attname AS column
               , a2.attname AS primary_key
               , c.conname AS name
               , c.confdeltype AS dependency
               , c.confupdtype AS update_dependency
               , c.condeferrable AS deferrable
               , c.condeferred AS deferred
            , c.convalidated AS valid
          FROM pg_constraint c
          JOIN pg_class t1 ON c.conrelid = t1.oid
          JOIN pg_class t2 ON c.confrelid = t2.oid
          JOIN pg_attribute a1 ON a1.attnum = c.conkey[1] AND a1.attrelid = t1.oid
          JOIN pg_attribute a2 ON a2.attnum = c.confkey[1] AND a2.attrelid = t2.oid
          JOIN pg_namespace t3 ON c.connamespace = t3.oid
          WHERE c.contype = 'f'
            AND t1.relname = 'customers'
            AND t3.nspname = ANY (current_schemas(false))
          ORDER BY c.conname
        [0m
  [1m[35m (2.4ms)[0m  
          SELECT t2.relname AS to_table
               , a1.attname AS column
               , a2.attname AS primary_key
               , c.conname AS name
               , c.confdeltype AS dependency
               , c.confupdtype AS update_dependency
               , c.condeferrable AS deferrable
               , c.condeferred AS deferred
            , c.convalidated AS valid
          FROM pg_constraint c
          JOIN pg_class t1 ON c.conrelid = t1.oid
          JOIN pg_class t2 ON c.confrelid = t2.oid
          JOIN pg_attribute a1 ON a1.attnum = c.conkey[1] AND a1.attrelid = t1.oid
          JOIN pg_attribute a2 ON a2.attnum = c.confkey[1] AND a2.attrelid = t2.oid
          JOIN pg_namespace t3 ON c.connamespace = t3.oid
          WHERE c.contype = 'f'
            AND t1.relname = 'enderecos'
            AND t3.nspname = ANY (current_schemas(false))
          ORDER BY c.conname
        
  [1m[36m (2.2ms)[0m  [1m
          SELECT t2.relname AS to_table
               , a1.attname AS column
               , a2.attname AS primary_key
               , c.conname AS name
               , c.confdeltype AS dependency
               , c.confupdtype AS update_dependency
               , c.condeferrable AS deferrable
               , c.condeferred AS deferred
            , c.convalidated AS valid
          FROM pg_constraint c
          JOIN pg_class t1 ON c.conrelid = t1.oid
          JOIN pg_class t2 ON c.confrelid = t2.oid
          JOIN pg_attribute a1 ON a1.attnum = c.conkey[1] AND a1.attrelid = t1.oid
          JOIN pg_attribute a2 ON a2.attnum = c.confkey[1] AND a2.attrelid = t2.oid
          JOIN pg_namespace t3 ON c.connamespace = t3.oid
          WHERE c.contype = 'f'
            AND t1.relname = 'license_movements'
            AND t3.nspname = ANY (current_schemas(false))
          ORDER BY c.conname
        [0m
  [1m[35m (2.2ms)[0m  
          SELECT t2.relname AS to_table
               , a1.attname AS column
               , a2.attname AS primary_key
               , c.conname AS name
               , c.confdeltype AS dependency
               , c.confupdtype AS update_dependency
               , c.condeferrable AS deferrable
               , c.condeferred AS deferred
            , c.convalidated AS valid
          FROM pg_constraint c
          JOIN pg_class t1 ON c.conrelid = t1.oid
          JOIN pg_class t2 ON c.confrelid = t2.oid
          JOIN pg_attribute a1 ON a1.attnum = c.conkey[1] AND a1.attrelid = t1.oid
          JOIN pg_attribute a2 ON a2.attnum = c.confkey[1] AND a2.attrelid = t2.oid
          JOIN pg_namespace t3 ON c.connamespace = t3.oid
          WHERE c.contype = 'f'
            AND t1.relname = 'licenses'
            AND t3.nspname = ANY (current_schemas(false))
          ORDER BY c.conname
        
  [1m[36m (2.4ms)[0m  [1m
          SELECT t2.relname AS to_table
               , a1.attname AS column
               , a2.attname AS primary_key
               , c.conname AS name
               , c.confdeltype AS dependency
               , c.confupdtype AS update_dependency
               , c.condeferrable AS deferrable
               , c.condeferred AS deferred
            , c.convalidated AS valid
          FROM pg_constraint c
          JOIN pg_class t1 ON c.conrelid = t1.oid
          JOIN pg_class t2 ON c.confrelid = t2.oid
          JOIN pg_attribute a1 ON a1.attnum = c.conkey[1] AND a1.attrelid = t1.oid
          JOIN pg_attribute a2 ON a2.attnum = c.confkey[1] AND a2.attrelid = t2.oid
          JOIN pg_namespace t3 ON c.connamespace = t3.oid
          WHERE c.contype = 'f'
            AND t1.relname = 'message_groups'
            AND t3.nspname = ANY (current_schemas(false))
          ORDER BY c.conname
        [0m
  [1m[35m (2.8ms)[0m  
          SELECT t2.relname AS to_table
               , a1.attname AS column
               , a2.attname AS primary_key
               , c.conname AS name
               , c.confdeltype AS dependency
               , c.confupdtype AS update_dependency
               , c.condeferrable AS deferrable
               , c.condeferred AS deferred
            , c.convalidated AS valid
          FROM pg_constraint c
          JOIN pg_class t1 ON c.conrelid = t1.oid
          JOIN pg_class t2 ON c.confrelid = t2.oid
          JOIN pg_attribute a1 ON a1.attnum = c.conkey[1] AND a1.attrelid = t1.oid
          JOIN pg_attribute a2 ON a2.attnum = c.confkey[1] AND a2.attrelid = t2.oid
          JOIN pg_namespace t3 ON c.connamespace = t3.oid
          WHERE c.contype = 'f'
            AND t1.relname = 'messages'
            AND t3.nspname = ANY (current_schemas(false))
          ORDER BY c.conname
        
  [1m[36m (2.9ms)[0m  [1m
          SELECT t2.relname AS to_table
               , a1.attname AS column
               , a2.attname AS primary_key
               , c.conname AS name
               , c.confdeltype AS dependency
               , c.confupdtype AS update_dependency
               , c.condeferrable AS deferrable
               , c.condeferred AS deferred
            , c.convalidated AS valid
          FROM pg_constraint c
          JOIN pg_class t1 ON c.conrelid = t1.oid
          JOIN pg_class t2 ON c.confrelid = t2.oid
          JOIN pg_attribute a1 ON a1.attnum = c.conkey[1] AND a1.attrelid = t1.oid
          JOIN pg_attribute a2 ON a2.attnum = c.confkey[1] AND a2.attrelid = t2.oid
          JOIN pg_namespace t3 ON c.connamespace = t3.oid
          WHERE c.contype = 'f'
            AND t1.relname = 'our_customers'
            AND t3.nspname = ANY (current_schemas(false))
          ORDER BY c.conname
        [0m
  [1m[35m (2.7ms)[0m  
          SELECT t2.relname AS to_table
               , a1.attname AS column
               , a2.attname AS primary_key
               , c.conname AS name
               , c.confdeltype AS dependency
               , c.confupdtype AS update_dependency
               , c.condeferrable AS deferrable
               , c.condeferred AS deferred
            , c.convalidated AS valid
          FROM pg_constraint c
          JOIN pg_class t1 ON c.conrelid = t1.oid
          JOIN pg_class t2 ON c.confrelid = t2.oid
          JOIN pg_attribute a1 ON a1.attnum = c.conkey[1] AND a1.attrelid = t1.oid
          JOIN pg_attribute a2 ON a2.attnum = c.confkey[1] AND a2.attrelid = t2.oid
          JOIN pg_namespace t3 ON c.connamespace = t3.oid
          WHERE c.contype = 'f'
            AND t1.relname = 'permissions'
            AND t3.nspname = ANY (current_schemas(false))
          ORDER BY c.conname
        
  [1m[36m (2.9ms)[0m  [1m
          SELECT t2.relname AS to_table
               , a1.attname AS column
               , a2.attname AS primary_key
               , c.conname AS name
               , c.confdeltype AS dependency
               , c.confupdtype AS update_dependency
               , c.condeferrable AS deferrable
               , c.condeferred AS deferred
            , c.convalidated AS valid
          FROM pg_constraint c
          JOIN pg_class t1 ON c.conrelid = t1.oid
          JOIN pg_class t2 ON c.confrelid = t2.oid
          JOIN pg_attribute a1 ON a1.attnum = c.conkey[1] AND a1.attrelid = t1.oid
          JOIN pg_attribute a2 ON a2.attnum = c.confkey[1] AND a2.attrelid = t2.oid
          JOIN pg_namespace t3 ON c.connamespace = t3.oid
          WHERE c.contype = 'f'
            AND t1.relname = 'plan_movements'
            AND t3.nspname = ANY (current_schemas(false))
          ORDER BY c.conname
        [0m
  [1m[35m (2.6ms)[0m  
          SELECT t2.relname AS to_table
               , a1.attname AS column
               , a2.attname AS primary_key
               , c.conname AS name
               , c.confdeltype AS dependency
               , c.confupdtype AS update_dependency
               , c.condeferrable AS deferrable
               , c.condeferred AS deferred
            , c.convalidated AS valid
          FROM pg_constraint c
          JOIN pg_class t1 ON c.conrelid = t1.oid
          JOIN pg_class t2 ON c.confrelid = t2.oid
          JOIN pg_attribute a1 ON a1.attnum = c.conkey[1] AND a1.attrelid = t1.oid
          JOIN pg_attribute a2 ON a2.attnum = c.confkey[1] AND a2.attrelid = t2.oid
          JOIN pg_namespace t3 ON c.connamespace = t3.oid
          WHERE c.contype = 'f'
            AND t1.relname = 'plans'
            AND t3.nspname = ANY (current_schemas(false))
          ORDER BY c.conname
        
  [1m[36m (2.4ms)[0m  [1m
          SELECT t2.relname AS to_table
               , a1.attname AS column
               , a2.attname AS primary_key
               , c.conname AS name
               , c.confdeltype AS dependency
               , c.confupdtype AS update_dependency
               , c.condeferrable AS deferrable
               , c.condeferred AS deferred
            , c.convalidated AS valid
          FROM pg_constraint c
          JOIN pg_class t1 ON c.conrelid = t1.oid
          JOIN pg_class t2 ON c.confrelid = t2.oid
          JOIN pg_attribute a1 ON a1.attnum = c.conkey[1] AND a1.attrelid = t1.oid
          JOIN pg_attribute a2 ON a2.attnum = c.confkey[1] AND a2.attrelid = t2.oid
          JOIN pg_namespace t3 ON c.connamespace = t3.oid
          WHERE c.contype = 'f'
            AND t1.relname = 'representatives'
            AND t3.nspname = ANY (current_schemas(false))
          ORDER BY c.conname
        [0m
  [1m[35m (2.8ms)[0m  
          SELECT t2.relname AS to_table
               , a1.attname AS column
               , a2.attname AS primary_key
               , c.conname AS name
               , c.confdeltype AS dependency
               , c.confupdtype AS update_dependency
               , c.condeferrable AS deferrable
               , c.condeferred AS deferred
            , c.convalidated AS valid
          FROM pg_constraint c
          JOIN pg_class t1 ON c.conrelid = t1.oid
          JOIN pg_class t2 ON c.confrelid = t2.oid
          JOIN pg_attribute a1 ON a1.attnum = c.conkey[1] AND a1.attrelid = t1.oid
          JOIN pg_attribute a2 ON a2.attnum = c.confkey[1] AND a2.attrelid = t2.oid
          JOIN pg_namespace t3 ON c.connamespace = t3.oid
          WHERE c.contype = 'f'
            AND t1.relname = 'roles'
            AND t3.nspname = ANY (current_schemas(false))
          ORDER BY c.conname
        
  [1m[36mActiveRecord::SchemaMigration Load (1.0ms)[0m  [1mSELECT "schema_migrations".* FROM "schema_migrations"[0m
  [1m[35m (1.8ms)[0m  SELECT COUNT(*) FROM "roles"
  [1m[36m (0.2ms)[0m  [1mBEGIN[0m
  [1m[35mRole Exists (2.5ms)[0m  SELECT  1 AS one FROM "roles"  WHERE "roles"."description" = 'Controle Total' LIMIT 1
  [1m[36mSQL (0.7ms)[0m  [1mINSERT INTO "roles" ("created_at", "description", "full_control", "updated_at") VALUES ($1, $2, $3, $4) RETURNING "id"[0m  [["created_at", "2018-09-18 09:51:30.193540"], ["description", "Controle Total"], ["full_control", "t"], ["updated_at", "2018-09-18 09:51:30.193540"]]
  [1m[35m (2.3ms)[0m  COMMIT
  [1m[36m (0.1ms)[0m  [1mBEGIN[0m
  [1m[35mRole Exists (0.4ms)[0m  SELECT  1 AS one FROM "roles"  WHERE "roles"."description" = 'Somente Leitura' LIMIT 1
  [1m[36mSQL (0.2ms)[0m  [1mINSERT INTO "roles" ("created_at", "description", "updated_at") VALUES ($1, $2, $3) RETURNING "id"[0m  [["created_at", "2018-09-18 09:51:30.205256"], ["description", "Somente Leitura"], ["updated_at", "2018-09-18 09:51:30.205256"]]
  [1m[35m (2.8ms)[0m  COMMIT
  [1m[36m (0.2ms)[0m  [1mBEGIN[0m
  [1m[35mSQL (3.6ms)[0m  INSERT INTO "permissions" ("actions", "created_at", "role_id", "subject", "updated_at") VALUES ($1, $2, $3, $4, $5) RETURNING "id"  [["actions", "---\n- read\n"], ["created_at", "2018-09-18 09:51:30.243290"], ["role_id", 2], ["subject", "Administrator"], ["updated_at", "2018-09-18 09:51:30.243290"]]
  [1m[36m (1.2ms)[0m  [1mCOMMIT[0m
  [1m[35m (0.1ms)[0m  BEGIN
  [1m[36mSQL (0.4ms)[0m  [1mINSERT INTO "permissions" ("actions", "created_at", "role_id", "subject", "updated_at") VALUES ($1, $2, $3, $4, $5) RETURNING "id"[0m  [["actions", "---\n- read\n"], ["created_at", "2018-09-18 09:51:30.252637"], ["role_id", 2], ["subject", "Role"], ["updated_at", "2018-09-18 09:51:30.252637"]]
  [1m[35m (2.5ms)[0m  COMMIT
  [1m[36m (0.1ms)[0m  [1mBEGIN[0m
  [1m[35mSQL (0.5ms)[0m  INSERT INTO "permissions" ("actions", "created_at", "role_id", "subject", "updated_at") VALUES ($1, $2, $3, $4, $5) RETURNING "id"  [["actions", "---\n- read\n"], ["created_at", "2018-09-18 09:51:30.260005"], ["role_id", 2], ["subject", "Representative"], ["updated_at", "2018-09-18 09:51:30.260005"]]
  [1m[36m (2.2ms)[0m  [1mCOMMIT[0m
  [1m[35m (0.1ms)[0m  BEGIN
  [1m[36mSQL (0.4ms)[0m  [1mINSERT INTO "permissions" ("actions", "created_at", "role_id", "subject", "updated_at") VALUES ($1, $2, $3, $4, $5) RETURNING "id"[0m  [["actions", "---\n- read\n"], ["created_at", "2018-09-18 09:51:30.268502"], ["role_id", 2], ["subject", "Customer"], ["updated_at", "2018-09-18 09:51:30.268502"]]
  [1m[35m (1.6ms)[0m  COMMIT
  [1m[36m (0.1ms)[0m  [1mBEGIN[0m
  [1m[35mSQL (0.4ms)[0m  INSERT INTO "permissions" ("actions", "created_at", "role_id", "subject", "updated_at") VALUES ($1, $2, $3, $4, $5) RETURNING "id"  [["actions", "---\n- read\n"], ["created_at", "2018-09-18 09:51:30.275228"], ["role_id", 2], ["subject", "Plan"], ["updated_at", "2018-09-18 09:51:30.275228"]]
  [1m[36m (1.2ms)[0m  [1mCOMMIT[0m
  [1m[35m (0.1ms)[0m  BEGIN
  [1m[36mSQL (0.3ms)[0m  [1mINSERT INTO "permissions" ("actions", "created_at", "role_id", "subject", "updated_at") VALUES ($1, $2, $3, $4, $5) RETURNING "id"[0m  [["actions", "---\n- read\n"], ["created_at", "2018-09-18 09:51:30.280743"], ["role_id", 2], ["subject", "License"], ["updated_at", "2018-09-18 09:51:30.280743"]]
  [1m[35m (1.1ms)[0m  COMMIT
  [1m[36m (0.1ms)[0m  [1mBEGIN[0m
  [1m[35mSQL (0.5ms)[0m  INSERT INTO "permissions" ("actions", "created_at", "role_id", "subject", "updated_at") VALUES ($1, $2, $3, $4, $5) RETURNING "id"  [["actions", "---\n- read\n"], ["created_at", "2018-09-18 09:51:30.293558"], ["role_id", 2], ["subject", "LicenseMovement"], ["updated_at", "2018-09-18 09:51:30.293558"]]
  [1m[36m (1.5ms)[0m  [1mCOMMIT[0m
  [1m[35m (0.1ms)[0m  BEGIN
  [1m[36mSQL (0.4ms)[0m  [1mINSERT INTO "permissions" ("actions", "created_at", "role_id", "subject", "updated_at") VALUES ($1, $2, $3, $4, $5) RETURNING "id"[0m  [["actions", "---\n- read\n"], ["created_at", "2018-09-18 09:51:30.302615"], ["role_id", 2], ["subject", "OurCustomer"], ["updated_at", "2018-09-18 09:51:30.302615"]]
  [1m[35m (2.6ms)[0m  COMMIT
  [1m[36m (0.1ms)[0m  [1mBEGIN[0m
  [1m[35mSQL (0.3ms)[0m  INSERT INTO "permissions" ("actions", "created_at", "role_id", "subject", "updated_at") VALUES ($1, $2, $3, $4, $5) RETURNING "id"  [["actions", "---\n- read\n"], ["created_at", "2018-09-18 09:51:30.310847"], ["role_id", 2], ["subject", "PlanMovement"], ["updated_at", "2018-09-18 09:51:30.310847"]]
  [1m[36m (2.2ms)[0m  [1mCOMMIT[0m
  [1m[35m (0.4ms)[0m  SELECT COUNT(*) FROM "administrators"
  [1m[36m (0.3ms)[0m  [1mBEGIN[0m
  [1m[35mAdministrator Exists (0.5ms)[0m  SELECT  1 AS one FROM "administrators"  WHERE "administrators"."email" = 'teste@teste.com.br' LIMIT 1
  [1m[36mSQL (0.5ms)[0m  [1mINSERT INTO "administrators" ("created_at", "email", "encrypted_password", "main_administrator", "name", "updated_at") VALUES ($1, $2, $3, $4, $5, $6) RETURNING "id"[0m  [["created_at", "2018-09-18 09:51:30.406280"], ["email", "teste@teste.com.br"], ["encrypted_password", "$2a$10$GkE9qc7.nsJei9sMuZAcGOl4002dgMBdtpd39j1f/NHOB02nB/UDe"], ["main_administrator", "t"], ["name", "Administrador Teste"], ["updated_at", "2018-09-18 09:51:30.406280"]]
  [1m[35m (1.1ms)[0m  COMMIT
  [1m[36mRole Load (0.6ms)[0m  [1mSELECT "roles".* FROM "roles"  WHERE "roles"."full_control" = 't'[0m
  [1m[35mRole Load (0.3ms)[0m  SELECT  "roles".* FROM "roles"  WHERE "roles"."id" = $1 LIMIT 1  [["id", 1]]
  [1m[36mRole Load (0.5ms)[0m  [1mSELECT "roles".* FROM "roles" INNER JOIN "administrators_roles" ON "roles"."id" = "administrators_roles"."role_id" WHERE "administrators_roles"."administrator_id" = $1[0m  [["administrator_id", 1]]
  [1m[35m (0.1ms)[0m  BEGIN
  [1m[36mSQL (0.2ms)[0m  [1mINSERT INTO "administrators_roles" ("administrator_id", "role_id") VALUES ($1, $2)[0m  [["administrator_id", 1], ["role_id", 1]]
  [1m[35m (1.0ms)[0m  COMMIT
  [1m[36m (4.2ms)[0m  [1mSELECT COUNT(*) FROM "representatives"  WHERE "representatives"."representante_principal" = 't'[0m
  [1m[35m (0.3ms)[0m  BEGIN
  [1m[36mRepresentative Exists (0.4ms)[0m  [1mSELECT  1 AS one FROM "representatives"  WHERE "representatives"."email" = 'contato@ronaldo.surdi' LIMIT 1[0m
  [1m[35mRepresentative Exists (0.3ms)[0m  SELECT  1 AS one FROM "representatives"  WHERE "representatives"."cnpj" = '11660655056086' AND "representatives"."confirmed_at" IS NOT NULL LIMIT 1
  [1m[36mSQL (1.0ms)[0m  [1mINSERT INTO "enderecos" ("bairro", "cep", "cidade", "created_at", "logradouro", "uf", "updated_at") VALUES ($1, $2, $3, $4, $5, $6, $7) RETURNING "id"[0m  [["bairro", "Centro"], ["cep", "99700000"], ["cidade", "Erechim"], ["created_at", "2018-09-18 09:51:30.565638"], ["logradouro", "Rua Qualquer Coisa, 99"], ["uf", "RS"], ["updated_at", "2018-09-18 09:51:30.565638"]]
  [1m[35mSQL (0.5ms)[0m  INSERT INTO "representatives" ("cadastro_aprovado", "cnpj", "confirmed_at", "created_at", "email", "encrypted_password", "endereco_id", "nome_fantasia", "razao_social", "representante_principal", "responsavel", "telefone", "updated_at") VALUES ($1, $2, $3, $4, $5, $6, $7, $8, $9, $10, $11, $12, $13) RETURNING "id"  [["cadastro_aprovado", "t"], ["cnpj", "11660655056086"], ["confirmed_at", "2018-09-18 03:00:00.000000"], ["created_at", "2018-09-18 09:51:30.568738"], ["email", "contato@ronaldo.surdi"], ["encrypted_password", "$2a$10$tjSEqetxeNwzblRyZ3wx3uaKgmTYKwNXkf5S20BodPuRnYwZNBp/a"], ["endereco_id", 1], ["nome_fantasia", "ronaldosurdi"], ["razao_social", "ronaldosurdi"], ["representante_principal", "t"], ["responsavel", "ronaldosurdi"], ["telefone", "5499999999"], ["updated_at", "2018-09-18 09:51:30.568738"]]
  [1m[36m (2.3ms)[0m  [1mCOMMIT[0m
